[2021/09/08 11:07:24] [1631070444] [root] [DATA] [STR] [get_vg] [] [4130406417]|
[2021/09/08 11:07:24] [1631070444] [root] [OPRT] [CMD] [sys] [4130406417] [vgs]|
[2021/09/08 11:07:25] [1631070444] [root] [DATA] [CMD] [sys] [4130406417] [  VG        #PV #LV #SN Attr   VSize   VFree
  ubuntu-vg   1   2   0 wz--n- <80.00g    0 
]|
[2021/09/08 11:07:25] [1631070444] [root] [DATA] [STR] [get_thinlv] [] [4114630075]|
[2021/09/08 11:07:25] [1631070444] [root] [OPRT] [CMD] [sys] [4114630075] [lvs]|
[2021/09/08 11:07:25] [1631070444] [root] [DATA] [CMD] [sys] [4114630075] [  LV     VG        Attr       LSize   Pool Origin Data%  Meta%  Move Log Cpy%Sync Convert
  root   ubuntu-vg -wi-ao---- <79.04g                                                    
  swap_1 ubuntu-vg -wi-a----- 980.00m                                                    
]|
[2021/09/08 11:07:25] [1631070444] [root] [OPRT] [REGULAR] [findall] [0140465713] [{'re': re.compile('(\\S+)\\s+\\d+\\s+\\d+\\s+\\d+\\s+\\S+\\s+(\\S+)\\s+(\\S+)\\s*?'), 'string': '  VG        #PV #LV #SN Attr   VSize   VFree\n  ubuntu-vg   1   2   0 wz--n- <80.00g    0 \n'}]|
[2021/09/08 11:07:25] [1631070444] [root] [DATA] [REGULAR] [findall] [0140465713] [[('ubuntu-vg', '<80.00g', '0')]]|
[2021/09/08 11:07:25] [1631070444] [root] [OPRT] [REGULAR] [findall] [0534167401] [{'re': re.compile('(\\S+)\\s+(\\S+)\\s+twi\\S+\\s+(\\S*).*\\s*?'), 'string': '  LV     VG        Attr       LSize   Pool Origin Data%  Meta%  Move Log Cpy%Sync Convert\n  root   ubuntu-vg -wi-ao---- <79.04g                                                    \n  swap_1 ubuntu-vg -wi-a----- 980.00m                                                    \n'}]|
[2021/09/08 11:07:25] [1631070444] [root] [DATA] [REGULAR] [findall] [0534167401] [[]]|
[2021/09/08 11:07:25] [1631070444] [root] [DATA] [STR] [insert_data] [] [4346071150]|
[2021/09/08 11:07:25] [1631070444] [root] [OPRT] [SQL] [insert_data] [4346071150] [insert into vgtb(VG,VSize,VFree)values(?,?,?)]|
[2021/09/08 11:07:25] [1631070444] [root] [DATA] [SQL] [insert_data] [4346071150] [[('ubuntu-vg', '<80.00g', '0')]]|
[2021/09/08 11:07:25] [1631070444] [root] [DATA] [STR] [insert_data] [] [6415030417]|
[2021/09/08 11:07:25] [1631070444] [root] [OPRT] [SQL] [insert_data] [6415030417] [insert into thinlvtb(LV,VG,LSize)values(?,?,?)]|
[2021/09/08 11:07:25] [1631070444] [root] [DATA] [SQL] [insert_data] [6415030417] [[]]|
[2021/09/08 11:07:25] [1631070444] [root] [DATA] [STR] [insert_data2] [] [5711604043]|
[2021/09/08 11:07:25] [1631070444] [root] [OPRT] [SQL] [insert_data2] [5711604043] [insert into nodetb(Node,NodeType,Addresses,State)values(?,?,?,?)]|
[2021/09/08 11:07:25] [1631070444] [root] [DATA] [SQL] [insert_data2] [5711604043] [[]]|
[2021/09/08 11:07:25] [1631070444] [root] [DATA] [STR] [insert_data2] [] [4067015341]|
[2021/09/08 11:07:25] [1631070444] [root] [OPRT] [SQL] [insert_data2] [4067015341] [
            insert into resourcetb
            (
                Node,
                Resource,
                StoragePool,
                VolumeNr,
                MinorNr,
                DeviceName,
                Allocated,
                InUse,
                State
                )
            values(?,?,?,?,?,?,?,?,?)
            ]|
[2021/09/08 11:07:25] [1631070444] [root] [DATA] [SQL] [insert_data2] [4067015341] [[]]|
[2021/09/08 11:07:25] [1631070444] [root] [DATA] [STR] [insert_data2] [] [0447156103]|
[2021/09/08 11:07:25] [1631070444] [root] [OPRT] [SQL] [insert_data2] [0447156103] [
            insert into storagepooltb
            (
                StoragePool,
                Node,
                Driver,
                PoolName,
                FreeCapacity,
                TotalCapacity,
                SupportsSnapshots,
                State
                )
            values(?,?,?,?,?,?,?,?)
            ]|
[2021/09/08 11:07:25] [1631070444] [root] [DATA] [SQL] [insert_data2] [0447156103] [[]]|
[2021/09/08 11:07:27] [1631070444] [root] [DATA] [STR] [get_vg] [] [7013414760]|
[2021/09/08 11:07:27] [1631070444] [root] [OPRT] [CMD] [sys] [7013414760] [vgs]|
[2021/09/08 11:07:27] [1631070444] [root] [DATA] [CMD] [sys] [7013414760] [  VG        #PV #LV #SN Attr   VSize   VFree
  ubuntu-vg   1   2   0 wz--n- <80.00g    0 
]|
[2021/09/08 11:07:27] [1631070444] [root] [DATA] [STR] [get_thinlv] [] [0344161770]|
[2021/09/08 11:07:27] [1631070444] [root] [OPRT] [CMD] [sys] [0344161770] [lvs]|
[2021/09/08 11:07:27] [1631070444] [root] [DATA] [CMD] [sys] [0344161770] [  LV     VG        Attr       LSize   Pool Origin Data%  Meta%  Move Log Cpy%Sync Convert
  root   ubuntu-vg -wi-ao---- <79.04g                                                    
  swap_1 ubuntu-vg -wi-a----- 980.00m                                                    
]|
[2021/09/08 11:07:27] [1631070444] [root] [OPRT] [REGULAR] [findall] [4711463700] [{'re': re.compile('(\\S+)\\s+\\d+\\s+\\d+\\s+\\d+\\s+\\S+\\s+(\\S+)\\s+(\\S+)\\s*?'), 'string': '  VG        #PV #LV #SN Attr   VSize   VFree\n  ubuntu-vg   1   2   0 wz--n- <80.00g    0 \n'}]|
[2021/09/08 11:07:27] [1631070444] [root] [DATA] [REGULAR] [findall] [4711463700] [[('ubuntu-vg', '<80.00g', '0')]]|
[2021/09/08 11:07:27] [1631070444] [root] [OPRT] [REGULAR] [findall] [0176130474] [{'re': re.compile('(\\S+)\\s+(\\S+)\\s+twi\\S+\\s+(\\S*).*\\s*?'), 'string': '  LV     VG        Attr       LSize   Pool Origin Data%  Meta%  Move Log Cpy%Sync Convert\n  root   ubuntu-vg -wi-ao---- <79.04g                                                    \n  swap_1 ubuntu-vg -wi-a----- 980.00m                                                    \n'}]|
[2021/09/08 11:07:27] [1631070444] [root] [DATA] [REGULAR] [findall] [0176130474] [[]]|
[2021/09/08 11:07:27] [1631070444] [root] [DATA] [STR] [insert_data] [] [0340147167]|
[2021/09/08 11:07:27] [1631070444] [root] [OPRT] [SQL] [insert_data] [0340147167] [insert into vgtb(VG,VSize,VFree)values(?,?,?)]|
[2021/09/08 11:07:27] [1631070444] [root] [DATA] [SQL] [insert_data] [0340147167] [[('ubuntu-vg', '<80.00g', '0')]]|
[2021/09/08 11:07:27] [1631070444] [root] [DATA] [STR] [insert_data] [] [6730147041]|
[2021/09/08 11:07:27] [1631070444] [root] [OPRT] [SQL] [insert_data] [6730147041] [insert into thinlvtb(LV,VG,LSize)values(?,?,?)]|
[2021/09/08 11:07:27] [1631070444] [root] [DATA] [SQL] [insert_data] [6730147041] [[]]|
[2021/09/08 11:07:27] [1631070444] [root] [DATA] [STR] [insert_data2] [] [1703416407]|
[2021/09/08 11:07:27] [1631070444] [root] [OPRT] [SQL] [insert_data2] [1703416407] [insert into nodetb(Node,NodeType,Addresses,State)values(?,?,?,?)]|
[2021/09/08 11:07:27] [1631070444] [root] [DATA] [SQL] [insert_data2] [1703416407] [[]]|
[2021/09/08 11:07:27] [1631070444] [root] [DATA] [STR] [insert_data2] [] [4160731407]|
[2021/09/08 11:07:27] [1631070444] [root] [OPRT] [SQL] [insert_data2] [4160731407] [
            insert into resourcetb
            (
                Node,
                Resource,
                StoragePool,
                VolumeNr,
                MinorNr,
                DeviceName,
                Allocated,
                InUse,
                State
                )
            values(?,?,?,?,?,?,?,?,?)
            ]|
[2021/09/08 11:07:27] [1631070444] [root] [DATA] [SQL] [insert_data2] [4160731407] [[]]|
[2021/09/08 11:07:27] [1631070444] [root] [DATA] [STR] [insert_data2] [] [7413710406]|
[2021/09/08 11:07:27] [1631070444] [root] [OPRT] [SQL] [insert_data2] [7413710406] [
            insert into storagepooltb
            (
                StoragePool,
                Node,
                Driver,
                PoolName,
                FreeCapacity,
                TotalCapacity,
                SupportsSnapshots,
                State
                )
            values(?,?,?,?,?,?,?,?)
            ]|
[2021/09/08 11:07:27] [1631070444] [root] [DATA] [SQL] [insert_data2] [7413710406] [[]]|
[2021/09/08 11:07:31] [1631070444] [root] [DATA] [STR] [get_vg] [] [5430171061]|
[2021/09/08 11:07:31] [1631070444] [root] [OPRT] [CMD] [sys] [5430171061] [vgs]|
[2021/09/08 11:07:31] [1631070444] [root] [DATA] [CMD] [sys] [5430171061] [  VG        #PV #LV #SN Attr   VSize   VFree
  ubuntu-vg   1   2   0 wz--n- <80.00g    0 
]|
[2021/09/08 11:07:31] [1631070444] [root] [DATA] [STR] [get_thinlv] [] [7035601411]|
[2021/09/08 11:07:31] [1631070444] [root] [OPRT] [CMD] [sys] [7035601411] [lvs]|
[2021/09/08 11:07:31] [1631070444] [root] [DATA] [CMD] [sys] [7035601411] [  LV     VG        Attr       LSize   Pool Origin Data%  Meta%  Move Log Cpy%Sync Convert
  root   ubuntu-vg -wi-ao---- <79.04g                                                    
  swap_1 ubuntu-vg -wi-a----- 980.00m                                                    
]|
[2021/09/08 11:07:31] [1631070444] [root] [OPRT] [REGULAR] [findall] [0741311650] [{'re': re.compile('(\\S+)\\s+\\d+\\s+\\d+\\s+\\d+\\s+\\S+\\s+(\\S+)\\s+(\\S+)\\s*?'), 'string': '  VG        #PV #LV #SN Attr   VSize   VFree\n  ubuntu-vg   1   2   0 wz--n- <80.00g    0 \n'}]|
[2021/09/08 11:07:31] [1631070444] [root] [DATA] [REGULAR] [findall] [0741311650] [[('ubuntu-vg', '<80.00g', '0')]]|
[2021/09/08 11:07:31] [1631070444] [root] [OPRT] [REGULAR] [findall] [6510711340] [{'re': re.compile('(\\S+)\\s+(\\S+)\\s+twi\\S+\\s+(\\S*).*\\s*?'), 'string': '  LV     VG        Attr       LSize   Pool Origin Data%  Meta%  Move Log Cpy%Sync Convert\n  root   ubuntu-vg -wi-ao---- <79.04g                                                    \n  swap_1 ubuntu-vg -wi-a----- 980.00m                                                    \n'}]|
[2021/09/08 11:07:31] [1631070444] [root] [DATA] [REGULAR] [findall] [6510711340] [[]]|
[2021/09/08 11:07:31] [1631070444] [root] [DATA] [STR] [insert_data] [] [4570116013]|
[2021/09/08 11:07:31] [1631070444] [root] [OPRT] [SQL] [insert_data] [4570116013] [insert into vgtb(VG,VSize,VFree)values(?,?,?)]|
[2021/09/08 11:07:31] [1631070444] [root] [DATA] [SQL] [insert_data] [4570116013] [[('ubuntu-vg', '<80.00g', '0')]]|
[2021/09/08 11:07:31] [1631070444] [root] [DATA] [STR] [insert_data] [] [0116475130]|
[2021/09/08 11:07:31] [1631070444] [root] [OPRT] [SQL] [insert_data] [0116475130] [insert into thinlvtb(LV,VG,LSize)values(?,?,?)]|
[2021/09/08 11:07:31] [1631070444] [root] [DATA] [SQL] [insert_data] [0116475130] [[]]|
[2021/09/08 11:07:31] [1631070444] [root] [DATA] [STR] [insert_data2] [] [1311705046]|
[2021/09/08 11:07:31] [1631070444] [root] [OPRT] [SQL] [insert_data2] [1311705046] [insert into nodetb(Node,NodeType,Addresses,State)values(?,?,?,?)]|
[2021/09/08 11:07:31] [1631070444] [root] [DATA] [SQL] [insert_data2] [1311705046] [[]]|
[2021/09/08 11:07:31] [1631070444] [root] [DATA] [STR] [insert_data2] [] [0147360115]|
[2021/09/08 11:07:31] [1631070444] [root] [OPRT] [SQL] [insert_data2] [0147360115] [
            insert into resourcetb
            (
                Node,
                Resource,
                StoragePool,
                VolumeNr,
                MinorNr,
                DeviceName,
                Allocated,
                InUse,
                State
                )
            values(?,?,?,?,?,?,?,?,?)
            ]|
[2021/09/08 11:07:31] [1631070444] [root] [DATA] [SQL] [insert_data2] [0147360115] [[]]|
[2021/09/08 11:07:31] [1631070444] [root] [DATA] [STR] [insert_data2] [] [4731101650]|
[2021/09/08 11:07:31] [1631070444] [root] [OPRT] [SQL] [insert_data2] [4731101650] [
            insert into storagepooltb
            (
                StoragePool,
                Node,
                Driver,
                PoolName,
                FreeCapacity,
                TotalCapacity,
                SupportsSnapshots,
                State
                )
            values(?,?,?,?,?,?,?,?)
            ]|
[2021/09/08 11:07:31] [1631070444] [root] [DATA] [SQL] [insert_data2] [4731101650] [[]]|
[2021/09/08 11:07:32] [1631070444] [root] [DATA] [STR] [get_vg] [] [0071456213]|
[2021/09/08 11:07:32] [1631070444] [root] [OPRT] [CMD] [sys] [0071456213] [vgs]|
[2021/09/08 11:07:32] [1631070444] [root] [DATA] [CMD] [sys] [0071456213] [  VG        #PV #LV #SN Attr   VSize   VFree
  ubuntu-vg   1   2   0 wz--n- <80.00g    0 
]|
[2021/09/08 11:07:32] [1631070444] [root] [DATA] [STR] [get_thinlv] [] [6145720103]|
[2021/09/08 11:07:32] [1631070444] [root] [OPRT] [CMD] [sys] [6145720103] [lvs]|
[2021/09/08 11:07:32] [1631070444] [root] [DATA] [CMD] [sys] [6145720103] [  LV     VG        Attr       LSize   Pool Origin Data%  Meta%  Move Log Cpy%Sync Convert
  root   ubuntu-vg -wi-ao---- <79.04g                                                    
  swap_1 ubuntu-vg -wi-a----- 980.00m                                                    
]|
[2021/09/08 11:07:32] [1631070444] [root] [OPRT] [REGULAR] [findall] [5423067011] [{'re': re.compile('(\\S+)\\s+\\d+\\s+\\d+\\s+\\d+\\s+\\S+\\s+(\\S+)\\s+(\\S+)\\s*?'), 'string': '  VG        #PV #LV #SN Attr   VSize   VFree\n  ubuntu-vg   1   2   0 wz--n- <80.00g    0 \n'}]|
[2021/09/08 11:07:32] [1631070444] [root] [DATA] [REGULAR] [findall] [5423067011] [[('ubuntu-vg', '<80.00g', '0')]]|
[2021/09/08 11:07:32] [1631070444] [root] [OPRT] [REGULAR] [findall] [0216174530] [{'re': re.compile('(\\S+)\\s+(\\S+)\\s+twi\\S+\\s+(\\S*).*\\s*?'), 'string': '  LV     VG        Attr       LSize   Pool Origin Data%  Meta%  Move Log Cpy%Sync Convert\n  root   ubuntu-vg -wi-ao---- <79.04g                                                    \n  swap_1 ubuntu-vg -wi-a----- 980.00m                                                    \n'}]|
[2021/09/08 11:07:33] [1631070444] [root] [DATA] [REGULAR] [findall] [0216174530] [[]]|
[2021/09/08 11:07:33] [1631070444] [root] [DATA] [STR] [insert_data] [] [3573641010]|
[2021/09/08 11:07:33] [1631070444] [root] [OPRT] [SQL] [insert_data] [3573641010] [insert into vgtb(VG,VSize,VFree)values(?,?,?)]|
[2021/09/08 11:07:33] [1631070444] [root] [DATA] [SQL] [insert_data] [3573641010] [[('ubuntu-vg', '<80.00g', '0')]]|
[2021/09/08 11:07:33] [1631070444] [root] [DATA] [STR] [insert_data] [] [1356007341]|
[2021/09/08 11:07:33] [1631070444] [root] [OPRT] [SQL] [insert_data] [1356007341] [insert into thinlvtb(LV,VG,LSize)values(?,?,?)]|
[2021/09/08 11:07:33] [1631070444] [root] [DATA] [SQL] [insert_data] [1356007341] [[]]|
[2021/09/08 11:07:33] [1631070444] [root] [DATA] [STR] [insert_data2] [] [1435173060]|
[2021/09/08 11:07:33] [1631070444] [root] [OPRT] [SQL] [insert_data2] [1435173060] [insert into nodetb(Node,NodeType,Addresses,State)values(?,?,?,?)]|
[2021/09/08 11:07:33] [1631070444] [root] [DATA] [SQL] [insert_data2] [1435173060] [[]]|
[2021/09/08 11:07:33] [1631070444] [root] [DATA] [STR] [insert_data2] [] [4315730106]|
[2021/09/08 11:07:33] [1631070444] [root] [OPRT] [SQL] [insert_data2] [4315730106] [
            insert into resourcetb
            (
                Node,
                Resource,
                StoragePool,
                VolumeNr,
                MinorNr,
                DeviceName,
                Allocated,
                InUse,
                State
                )
            values(?,?,?,?,?,?,?,?,?)
            ]|
[2021/09/08 11:07:33] [1631070444] [root] [DATA] [SQL] [insert_data2] [4315730106] [[]]|
[2021/09/08 11:07:33] [1631070444] [root] [DATA] [STR] [insert_data2] [] [7501304163]|
[2021/09/08 11:07:33] [1631070444] [root] [OPRT] [SQL] [insert_data2] [7501304163] [
            insert into storagepooltb
            (
                StoragePool,
                Node,
                Driver,
                PoolName,
                FreeCapacity,
                TotalCapacity,
                SupportsSnapshots,
                State
                )
            values(?,?,?,?,?,?,?,?)
            ]|
[2021/09/08 11:07:33] [1631070444] [root] [DATA] [SQL] [insert_data2] [7501304163] [[]]|
[2021/09/08 11:07:33] [1631070444] [root] [DATA] [STR] [get_vg] [] [0437161530]|
[2021/09/08 11:07:33] [1631070444] [root] [OPRT] [CMD] [sys] [0437161530] [vgs]|
[2021/09/08 11:07:33] [1631070444] [root] [DATA] [CMD] [sys] [0437161530] [  VG        #PV #LV #SN Attr   VSize   VFree
  ubuntu-vg   1   2   0 wz--n- <80.00g    0 
]|
[2021/09/08 11:07:33] [1631070444] [root] [DATA] [STR] [get_thinlv] [] [1730036145]|
[2021/09/08 11:07:33] [1631070444] [root] [OPRT] [CMD] [sys] [1730036145] [lvs]|
[2021/09/08 11:07:33] [1631070444] [root] [DATA] [CMD] [sys] [1730036145] [  LV     VG        Attr       LSize   Pool Origin Data%  Meta%  Move Log Cpy%Sync Convert
  root   ubuntu-vg -wi-ao---- <79.04g                                                    
  swap_1 ubuntu-vg -wi-a----- 980.00m                                                    
]|
[2021/09/08 11:07:33] [1631070444] [root] [OPRT] [REGULAR] [findall] [4367115300] [{'re': re.compile('(\\S+)\\s+\\d+\\s+\\d+\\s+\\d+\\s+\\S+\\s+(\\S+)\\s+(\\S+)\\s*?'), 'string': '  VG        #PV #LV #SN Attr   VSize   VFree\n  ubuntu-vg   1   2   0 wz--n- <80.00g    0 \n'}]|
[2021/09/08 11:07:33] [1631070444] [root] [DATA] [REGULAR] [findall] [4367115300] [[('ubuntu-vg', '<80.00g', '0')]]|
[2021/09/08 11:07:33] [1631070444] [root] [OPRT] [REGULAR] [findall] [3570430116] [{'re': re.compile('(\\S+)\\s+(\\S+)\\s+twi\\S+\\s+(\\S*).*\\s*?'), 'string': '  LV     VG        Attr       LSize   Pool Origin Data%  Meta%  Move Log Cpy%Sync Convert\n  root   ubuntu-vg -wi-ao---- <79.04g                                                    \n  swap_1 ubuntu-vg -wi-a----- 980.00m                                                    \n'}]|
[2021/09/08 11:07:33] [1631070444] [root] [DATA] [REGULAR] [findall] [3570430116] [[]]|
[2021/09/08 11:07:33] [1631070444] [root] [DATA] [STR] [insert_data] [] [3106571034]|
[2021/09/08 11:07:33] [1631070444] [root] [OPRT] [SQL] [insert_data] [3106571034] [insert into vgtb(VG,VSize,VFree)values(?,?,?)]|
[2021/09/08 11:07:33] [1631070444] [root] [DATA] [SQL] [insert_data] [3106571034] [[('ubuntu-vg', '<80.00g', '0')]]|
[2021/09/08 11:07:33] [1631070444] [root] [DATA] [STR] [insert_data] [] [0614307135]|
[2021/09/08 11:07:33] [1631070444] [root] [OPRT] [SQL] [insert_data] [0614307135] [insert into thinlvtb(LV,VG,LSize)values(?,?,?)]|
[2021/09/08 11:07:33] [1631070444] [root] [DATA] [SQL] [insert_data] [0614307135] [[]]|
[2021/09/08 11:07:33] [1631070444] [root] [DATA] [STR] [insert_data2] [] [3714130506]|
[2021/09/08 11:07:33] [1631070444] [root] [OPRT] [SQL] [insert_data2] [3714130506] [insert into nodetb(Node,NodeType,Addresses,State)values(?,?,?,?)]|
[2021/09/08 11:07:33] [1631070444] [root] [DATA] [SQL] [insert_data2] [3714130506] [[]]|
[2021/09/08 11:07:33] [1631070444] [root] [DATA] [STR] [insert_data2] [] [0131570643]|
[2021/09/08 11:07:33] [1631070444] [root] [OPRT] [SQL] [insert_data2] [0131570643] [
            insert into resourcetb
            (
                Node,
                Resource,
                StoragePool,
                VolumeNr,
                MinorNr,
                DeviceName,
                Allocated,
                InUse,
                State
                )
            values(?,?,?,?,?,?,?,?,?)
            ]|
[2021/09/08 11:07:33] [1631070444] [root] [DATA] [SQL] [insert_data2] [0131570643] [[]]|
[2021/09/08 11:07:33] [1631070444] [root] [DATA] [STR] [insert_data2] [] [4310653710]|
[2021/09/08 11:07:33] [1631070444] [root] [OPRT] [SQL] [insert_data2] [4310653710] [
            insert into storagepooltb
            (
                StoragePool,
                Node,
                Driver,
                PoolName,
                FreeCapacity,
                TotalCapacity,
                SupportsSnapshots,
                State
                )
            values(?,?,?,?,?,?,?,?)
            ]|
[2021/09/08 11:07:33] [1631070444] [root] [DATA] [SQL] [insert_data2] [4310653710] [[]]|
[2021/09/08 11:07:34] [1631070444] [root] [DATA] [STR] [get_vg] [] [7544110306]|
[2021/09/08 11:07:34] [1631070444] [root] [OPRT] [CMD] [sys] [7544110306] [vgs]|
[2021/09/08 11:07:34] [1631070444] [root] [DATA] [CMD] [sys] [7544110306] [  VG        #PV #LV #SN Attr   VSize   VFree
  ubuntu-vg   1   2   0 wz--n- <80.00g    0 
]|
[2021/09/08 11:07:34] [1631070444] [root] [DATA] [STR] [get_thinlv] [] [1014650734]|
[2021/09/08 11:07:34] [1631070444] [root] [OPRT] [CMD] [sys] [1014650734] [lvs]|
[2021/09/08 11:07:34] [1631070444] [root] [DATA] [CMD] [sys] [1014650734] [  LV     VG        Attr       LSize   Pool Origin Data%  Meta%  Move Log Cpy%Sync Convert
  root   ubuntu-vg -wi-ao---- <79.04g                                                    
  swap_1 ubuntu-vg -wi-a----- 980.00m                                                    
]|
[2021/09/08 11:07:34] [1631070444] [root] [OPRT] [REGULAR] [findall] [1640470153] [{'re': re.compile('(\\S+)\\s+\\d+\\s+\\d+\\s+\\d+\\s+\\S+\\s+(\\S+)\\s+(\\S+)\\s*?'), 'string': '  VG        #PV #LV #SN Attr   VSize   VFree\n  ubuntu-vg   1   2   0 wz--n- <80.00g    0 \n'}]|
[2021/09/08 11:07:34] [1631070444] [root] [DATA] [REGULAR] [findall] [1640470153] [[('ubuntu-vg', '<80.00g', '0')]]|
[2021/09/08 11:07:34] [1631070444] [root] [OPRT] [REGULAR] [findall] [0315046174] [{'re': re.compile('(\\S+)\\s+(\\S+)\\s+twi\\S+\\s+(\\S*).*\\s*?'), 'string': '  LV     VG        Attr       LSize   Pool Origin Data%  Meta%  Move Log Cpy%Sync Convert\n  root   ubuntu-vg -wi-ao---- <79.04g                                                    \n  swap_1 ubuntu-vg -wi-a----- 980.00m                                                    \n'}]|
[2021/09/08 11:07:34] [1631070444] [root] [DATA] [REGULAR] [findall] [0315046174] [[]]|
[2021/09/08 11:07:34] [1631070444] [root] [DATA] [STR] [insert_data] [] [4161040375]|
[2021/09/08 11:07:34] [1631070444] [root] [OPRT] [SQL] [insert_data] [4161040375] [insert into vgtb(VG,VSize,VFree)values(?,?,?)]|
[2021/09/08 11:07:34] [1631070444] [root] [DATA] [SQL] [insert_data] [4161040375] [[('ubuntu-vg', '<80.00g', '0')]]|
[2021/09/08 11:07:34] [1631070444] [root] [DATA] [STR] [insert_data] [] [0744516103]|
[2021/09/08 11:07:34] [1631070444] [root] [OPRT] [SQL] [insert_data] [0744516103] [insert into thinlvtb(LV,VG,LSize)values(?,?,?)]|
[2021/09/08 11:07:34] [1631070444] [root] [DATA] [SQL] [insert_data] [0744516103] [[]]|
[2021/09/08 11:07:34] [1631070444] [root] [DATA] [STR] [insert_data2] [] [6047503114]|
[2021/09/08 11:07:34] [1631070444] [root] [OPRT] [SQL] [insert_data2] [6047503114] [insert into nodetb(Node,NodeType,Addresses,State)values(?,?,?,?)]|
[2021/09/08 11:07:34] [1631070444] [root] [DATA] [SQL] [insert_data2] [6047503114] [[]]|
[2021/09/08 11:07:34] [1631070444] [root] [DATA] [STR] [insert_data2] [] [6041130745]|
[2021/09/08 11:07:34] [1631070444] [root] [OPRT] [SQL] [insert_data2] [6041130745] [
            insert into resourcetb
            (
                Node,
                Resource,
                StoragePool,
                VolumeNr,
                MinorNr,
                DeviceName,
                Allocated,
                InUse,
                State
                )
            values(?,?,?,?,?,?,?,?,?)
            ]|
[2021/09/08 11:07:34] [1631070444] [root] [DATA] [SQL] [insert_data2] [6041130745] [[]]|
[2021/09/08 11:07:34] [1631070444] [root] [DATA] [STR] [insert_data2] [] [1376145400]|
[2021/09/08 11:07:34] [1631070444] [root] [OPRT] [SQL] [insert_data2] [1376145400] [
            insert into storagepooltb
            (
                StoragePool,
                Node,
                Driver,
                PoolName,
                FreeCapacity,
                TotalCapacity,
                SupportsSnapshots,
                State
                )
            values(?,?,?,?,?,?,?,?)
            ]|
[2021/09/08 11:07:34] [1631070444] [root] [DATA] [SQL] [insert_data2] [1376145400] [[]]|
[2021/09/08 11:07:41] [1631070444] [root] [DATA] [STR] [get_vg] [] [1660170413]|
[2021/09/08 11:07:41] [1631070444] [root] [OPRT] [CMD] [sys] [1660170413] [vgs]|
[2021/09/08 11:07:41] [1631070444] [root] [DATA] [CMD] [sys] [1660170413] [  VG        #PV #LV #SN Attr   VSize   VFree
  ubuntu-vg   1   2   0 wz--n- <80.00g    0 
]|
[2021/09/08 11:07:41] [1631070444] [root] [DATA] [STR] [get_thinlv] [] [6706141130]|
[2021/09/08 11:07:41] [1631070444] [root] [OPRT] [CMD] [sys] [6706141130] [lvs]|
[2021/09/08 11:07:42] [1631070444] [root] [DATA] [CMD] [sys] [6706141130] [  LV     VG        Attr       LSize   Pool Origin Data%  Meta%  Move Log Cpy%Sync Convert
  root   ubuntu-vg -wi-ao---- <79.04g                                                    
  swap_1 ubuntu-vg -wi-a----- 980.00m                                                    
]|
[2021/09/08 11:07:42] [1631070444] [root] [OPRT] [REGULAR] [findall] [6170031426] [{'re': re.compile('(\\S+)\\s+\\d+\\s+\\d+\\s+\\d+\\s+\\S+\\s+(\\S+)\\s+(\\S+)\\s*?'), 'string': '  VG        #PV #LV #SN Attr   VSize   VFree\n  ubuntu-vg   1   2   0 wz--n- <80.00g    0 \n'}]|
[2021/09/08 11:07:42] [1631070444] [root] [DATA] [REGULAR] [findall] [6170031426] [[('ubuntu-vg', '<80.00g', '0')]]|
[2021/09/08 11:07:42] [1631070444] [root] [OPRT] [REGULAR] [findall] [0216763104] [{'re': re.compile('(\\S+)\\s+(\\S+)\\s+twi\\S+\\s+(\\S*).*\\s*?'), 'string': '  LV     VG        Attr       LSize   Pool Origin Data%  Meta%  Move Log Cpy%Sync Convert\n  root   ubuntu-vg -wi-ao---- <79.04g                                                    \n  swap_1 ubuntu-vg -wi-a----- 980.00m                                                    \n'}]|
[2021/09/08 11:07:42] [1631070444] [root] [DATA] [REGULAR] [findall] [0216763104] [[]]|
[2021/09/08 11:07:42] [1631070444] [root] [DATA] [STR] [insert_data] [] [1610742630]|
[2021/09/08 11:07:42] [1631070444] [root] [OPRT] [SQL] [insert_data] [1610742630] [insert into vgtb(VG,VSize,VFree)values(?,?,?)]|
[2021/09/08 11:07:42] [1631070444] [root] [DATA] [SQL] [insert_data] [1610742630] [[('ubuntu-vg', '<80.00g', '0')]]|
[2021/09/08 11:07:42] [1631070444] [root] [DATA] [STR] [insert_data] [] [1234006671]|
[2021/09/08 11:07:42] [1631070444] [root] [OPRT] [SQL] [insert_data] [1234006671] [insert into thinlvtb(LV,VG,LSize)values(?,?,?)]|
[2021/09/08 11:07:42] [1631070444] [root] [DATA] [SQL] [insert_data] [1234006671] [[]]|
[2021/09/08 11:07:42] [1631070444] [root] [DATA] [STR] [insert_data2] [] [4312760610]|
[2021/09/08 11:07:42] [1631070444] [root] [OPRT] [SQL] [insert_data2] [4312760610] [insert into nodetb(Node,NodeType,Addresses,State)values(?,?,?,?)]|
[2021/09/08 11:07:42] [1631070444] [root] [DATA] [SQL] [insert_data2] [4312760610] [[]]|
[2021/09/08 11:07:42] [1631070444] [root] [DATA] [STR] [insert_data2] [] [2160743016]|
[2021/09/08 11:07:42] [1631070444] [root] [OPRT] [SQL] [insert_data2] [2160743016] [
            insert into resourcetb
            (
                Node,
                Resource,
                StoragePool,
                VolumeNr,
                MinorNr,
                DeviceName,
                Allocated,
                InUse,
                State
                )
            values(?,?,?,?,?,?,?,?,?)
            ]|
[2021/09/08 11:07:42] [1631070444] [root] [DATA] [SQL] [insert_data2] [2160743016] [[]]|
[2021/09/08 11:07:42] [1631070444] [root] [DATA] [STR] [insert_data2] [] [6132400176]|
[2021/09/08 11:07:42] [1631070444] [root] [OPRT] [SQL] [insert_data2] [6132400176] [
            insert into storagepooltb
            (
                StoragePool,
                Node,
                Driver,
                PoolName,
                FreeCapacity,
                TotalCapacity,
                SupportsSnapshots,
                State
                )
            values(?,?,?,?,?,?,?,?)
            ]|
[2021/09/08 11:07:42] [1631070444] [root] [DATA] [SQL] [insert_data2] [6132400176] [[]]|
[2021/09/08 11:07:42] [1631070444] [root] [DATA] [STR] [get_vg] [] [6170061324]|
[2021/09/08 11:07:42] [1631070444] [root] [OPRT] [CMD] [sys] [6170061324] [vgs]|
[2021/09/08 11:07:42] [1631070444] [root] [DATA] [CMD] [sys] [6170061324] [  VG        #PV #LV #SN Attr   VSize   VFree
  ubuntu-vg   1   2   0 wz--n- <80.00g    0 
]|
[2021/09/08 11:07:42] [1631070444] [root] [DATA] [STR] [get_thinlv] [] [0612416370]|
[2021/09/08 11:07:42] [1631070444] [root] [OPRT] [CMD] [sys] [0612416370] [lvs]|
[2021/09/08 11:07:42] [1631070444] [root] [DATA] [CMD] [sys] [0612416370] [  LV     VG        Attr       LSize   Pool Origin Data%  Meta%  Move Log Cpy%Sync Convert
  root   ubuntu-vg -wi-ao---- <79.04g                                                    
  swap_1 ubuntu-vg -wi-a----- 980.00m                                                    
]|
[2021/09/08 11:07:42] [1631070444] [root] [OPRT] [REGULAR] [findall] [6041701623] [{'re': re.compile('(\\S+)\\s+\\d+\\s+\\d+\\s+\\d+\\s+\\S+\\s+(\\S+)\\s+(\\S+)\\s*?'), 'string': '  VG        #PV #LV #SN Attr   VSize   VFree\n  ubuntu-vg   1   2   0 wz--n- <80.00g    0 \n'}]|
[2021/09/08 11:07:42] [1631070444] [root] [DATA] [REGULAR] [findall] [6041701623] [[('ubuntu-vg', '<80.00g', '0')]]|
[2021/09/08 11:07:42] [1631070444] [root] [OPRT] [REGULAR] [findall] [1364700162] [{'re': re.compile('(\\S+)\\s+(\\S+)\\s+twi\\S+\\s+(\\S*).*\\s*?'), 'string': '  LV     VG        Attr       LSize   Pool Origin Data%  Meta%  Move Log Cpy%Sync Convert\n  root   ubuntu-vg -wi-ao---- <79.04g                                                    \n  swap_1 ubuntu-vg -wi-a----- 980.00m                                                    \n'}]|
[2021/09/08 11:07:42] [1631070444] [root] [DATA] [REGULAR] [findall] [1364700162] [[]]|
[2021/09/08 11:07:42] [1631070444] [root] [DATA] [STR] [insert_data] [] [1162764003]|
[2021/09/08 11:07:42] [1631070444] [root] [OPRT] [SQL] [insert_data] [1162764003] [insert into vgtb(VG,VSize,VFree)values(?,?,?)]|
[2021/09/08 11:07:42] [1631070444] [root] [DATA] [SQL] [insert_data] [1162764003] [[('ubuntu-vg', '<80.00g', '0')]]|
[2021/09/08 11:07:42] [1631070444] [root] [DATA] [STR] [insert_data] [] [2100471636]|
[2021/09/08 11:07:42] [1631070444] [root] [OPRT] [SQL] [insert_data] [2100471636] [insert into thinlvtb(LV,VG,LSize)values(?,?,?)]|
[2021/09/08 11:07:42] [1631070444] [root] [DATA] [SQL] [insert_data] [2100471636] [[]]|
[2021/09/08 11:07:42] [1631070444] [root] [DATA] [STR] [insert_data2] [] [1026410637]|
[2021/09/08 11:07:42] [1631070444] [root] [OPRT] [SQL] [insert_data2] [1026410637] [insert into nodetb(Node,NodeType,Addresses,State)values(?,?,?,?)]|
[2021/09/08 11:07:42] [1631070444] [root] [DATA] [SQL] [insert_data2] [1026410637] [[]]|
[2021/09/08 11:07:42] [1631070444] [root] [DATA] [STR] [insert_data2] [] [7101662430]|
[2021/09/08 11:07:42] [1631070444] [root] [OPRT] [SQL] [insert_data2] [7101662430] [
            insert into resourcetb
            (
                Node,
                Resource,
                StoragePool,
                VolumeNr,
                MinorNr,
                DeviceName,
                Allocated,
                InUse,
                State
                )
            values(?,?,?,?,?,?,?,?,?)
            ]|
[2021/09/08 11:07:42] [1631070444] [root] [DATA] [SQL] [insert_data2] [7101662430] [[]]|
[2021/09/08 11:07:42] [1631070444] [root] [DATA] [STR] [insert_data2] [] [3204601761]|
[2021/09/08 11:07:42] [1631070444] [root] [OPRT] [SQL] [insert_data2] [3204601761] [
            insert into storagepooltb
            (
                StoragePool,
                Node,
                Driver,
                PoolName,
                FreeCapacity,
                TotalCapacity,
                SupportsSnapshots,
                State
                )
            values(?,?,?,?,?,?,?,?)
            ]|
[2021/09/08 11:07:42] [1631070444] [root] [DATA] [SQL] [insert_data2] [3204601761] [[]]|
[2021/09/08 11:07:43] [1631070444] [root] [DATA] [STR] [get_vg] [] [6307311064]|
[2021/09/08 11:07:43] [1631070444] [root] [OPRT] [CMD] [sys] [6307311064] [vgs]|
[2021/09/08 11:07:43] [1631070444] [root] [DATA] [CMD] [sys] [6307311064] [  VG        #PV #LV #SN Attr   VSize   VFree
  ubuntu-vg   1   2   0 wz--n- <80.00g    0 
]|
[2021/09/08 11:07:43] [1631070444] [root] [DATA] [STR] [get_thinlv] [] [0711634306]|
[2021/09/08 11:07:43] [1631070444] [root] [OPRT] [CMD] [sys] [0711634306] [lvs]|
[2021/09/08 11:07:43] [1631070444] [root] [DATA] [CMD] [sys] [0711634306] [  LV     VG        Attr       LSize   Pool Origin Data%  Meta%  Move Log Cpy%Sync Convert
  root   ubuntu-vg -wi-ao---- <79.04g                                                    
  swap_1 ubuntu-vg -wi-a----- 980.00m                                                    
]|
[2021/09/08 11:07:43] [1631070444] [root] [OPRT] [REGULAR] [findall] [6016303147] [{'re': re.compile('(\\S+)\\s+\\d+\\s+\\d+\\s+\\d+\\s+\\S+\\s+(\\S+)\\s+(\\S+)\\s*?'), 'string': '  VG        #PV #LV #SN Attr   VSize   VFree\n  ubuntu-vg   1   2   0 wz--n- <80.00g    0 \n'}]|
[2021/09/08 11:07:43] [1631070444] [root] [DATA] [REGULAR] [findall] [6016303147] [[('ubuntu-vg', '<80.00g', '0')]]|
[2021/09/08 11:07:43] [1631070444] [root] [OPRT] [REGULAR] [findall] [4100366137] [{'re': re.compile('(\\S+)\\s+(\\S+)\\s+twi\\S+\\s+(\\S*).*\\s*?'), 'string': '  LV     VG        Attr       LSize   Pool Origin Data%  Meta%  Move Log Cpy%Sync Convert\n  root   ubuntu-vg -wi-ao---- <79.04g                                                    \n  swap_1 ubuntu-vg -wi-a----- 980.00m                                                    \n'}]|
[2021/09/08 11:07:43] [1631070444] [root] [DATA] [REGULAR] [findall] [4100366137] [[]]|
[2021/09/08 11:07:43] [1631070444] [root] [DATA] [STR] [insert_data] [] [0314706631]|
[2021/09/08 11:07:43] [1631070444] [root] [OPRT] [SQL] [insert_data] [0314706631] [insert into vgtb(VG,VSize,VFree)values(?,?,?)]|
[2021/09/08 11:07:43] [1631070444] [root] [DATA] [SQL] [insert_data] [0314706631] [[('ubuntu-vg', '<80.00g', '0')]]|
[2021/09/08 11:07:43] [1631070444] [root] [DATA] [STR] [insert_data] [] [1160343706]|
[2021/09/08 11:07:43] [1631070444] [root] [OPRT] [SQL] [insert_data] [1160343706] [insert into thinlvtb(LV,VG,LSize)values(?,?,?)]|
[2021/09/08 11:07:43] [1631070444] [root] [DATA] [SQL] [insert_data] [1160343706] [[]]|
[2021/09/08 11:07:43] [1631070444] [root] [DATA] [STR] [insert_data2] [] [1034671630]|
[2021/09/08 11:07:43] [1631070444] [root] [OPRT] [SQL] [insert_data2] [1034671630] [insert into nodetb(Node,NodeType,Addresses,State)values(?,?,?,?)]|
[2021/09/08 11:07:43] [1631070444] [root] [DATA] [SQL] [insert_data2] [1034671630] [[]]|
[2021/09/08 11:07:43] [1631070444] [root] [DATA] [STR] [insert_data2] [] [0160634173]|
[2021/09/08 11:07:43] [1631070444] [root] [OPRT] [SQL] [insert_data2] [0160634173] [
            insert into resourcetb
            (
                Node,
                Resource,
                StoragePool,
                VolumeNr,
                MinorNr,
                DeviceName,
                Allocated,
                InUse,
                State
                )
            values(?,?,?,?,?,?,?,?,?)
            ]|
[2021/09/08 11:07:43] [1631070444] [root] [DATA] [SQL] [insert_data2] [0160634173] [[]]|
[2021/09/08 11:07:43] [1631070444] [root] [DATA] [STR] [insert_data2] [] [3700611463]|
[2021/09/08 11:07:43] [1631070444] [root] [OPRT] [SQL] [insert_data2] [3700611463] [
            insert into storagepooltb
            (
                StoragePool,
                Node,
                Driver,
                PoolName,
                FreeCapacity,
                TotalCapacity,
                SupportsSnapshots,
                State
                )
            values(?,?,?,?,?,?,?,?)
            ]|
[2021/09/08 11:07:43] [1631070444] [root] [DATA] [SQL] [insert_data2] [3700611463] [[]]|
[2021/09/08 11:07:44] [1631070444] [root] [DATA] [STR] [get_vg] [] [7460063141]|
[2021/09/08 11:07:44] [1631070444] [root] [OPRT] [CMD] [sys] [7460063141] [vgs]|
[2021/09/08 11:07:44] [1631070444] [root] [DATA] [CMD] [sys] [7460063141] [  VG        #PV #LV #SN Attr   VSize   VFree
  ubuntu-vg   1   2   0 wz--n- <80.00g    0 
]|
[2021/09/08 11:07:44] [1631070444] [root] [DATA] [STR] [get_thinlv] [] [7404613061]|
[2021/09/08 11:07:44] [1631070444] [root] [OPRT] [CMD] [sys] [7404613061] [lvs]|
[2021/09/08 11:07:44] [1631070444] [root] [DATA] [CMD] [sys] [7404613061] [  LV     VG        Attr       LSize   Pool Origin Data%  Meta%  Move Log Cpy%Sync Convert
  root   ubuntu-vg -wi-ao---- <79.04g                                                    
  swap_1 ubuntu-vg -wi-a----- 980.00m                                                    
]|
[2021/09/08 11:07:44] [1631070444] [root] [OPRT] [REGULAR] [findall] [6107441360] [{'re': re.compile('(\\S+)\\s+\\d+\\s+\\d+\\s+\\d+\\s+\\S+\\s+(\\S+)\\s+(\\S+)\\s*?'), 'string': '  VG        #PV #LV #SN Attr   VSize   VFree\n  ubuntu-vg   1   2   0 wz--n- <80.00g    0 \n'}]|
[2021/09/08 11:07:44] [1631070444] [root] [DATA] [REGULAR] [findall] [6107441360] [[('ubuntu-vg', '<80.00g', '0')]]|
[2021/09/08 11:07:44] [1631070444] [root] [OPRT] [REGULAR] [findall] [6064013147] [{'re': re.compile('(\\S+)\\s+(\\S+)\\s+twi\\S+\\s+(\\S*).*\\s*?'), 'string': '  LV     VG        Attr       LSize   Pool Origin Data%  Meta%  Move Log Cpy%Sync Convert\n  root   ubuntu-vg -wi-ao---- <79.04g                                                    \n  swap_1 ubuntu-vg -wi-a----- 980.00m                                                    \n'}]|
[2021/09/08 11:07:44] [1631070444] [root] [DATA] [REGULAR] [findall] [6064013147] [[]]|
[2021/09/08 11:07:44] [1631070444] [root] [DATA] [STR] [insert_data] [] [4007411663]|
[2021/09/08 11:07:44] [1631070444] [root] [OPRT] [SQL] [insert_data] [4007411663] [insert into vgtb(VG,VSize,VFree)values(?,?,?)]|
[2021/09/08 11:07:44] [1631070444] [root] [DATA] [SQL] [insert_data] [4007411663] [[('ubuntu-vg', '<80.00g', '0')]]|
[2021/09/08 11:07:44] [1631070444] [root] [DATA] [STR] [insert_data] [] [0147416036]|
[2021/09/08 11:07:44] [1631070444] [root] [OPRT] [SQL] [insert_data] [0147416036] [insert into thinlvtb(LV,VG,LSize)values(?,?,?)]|
[2021/09/08 11:07:44] [1631070444] [root] [DATA] [SQL] [insert_data] [0147416036] [[]]|
[2021/09/08 11:07:44] [1631070444] [root] [DATA] [STR] [insert_data2] [] [1406347160]|
[2021/09/08 11:07:44] [1631070444] [root] [OPRT] [SQL] [insert_data2] [1406347160] [insert into nodetb(Node,NodeType,Addresses,State)values(?,?,?,?)]|
[2021/09/08 11:07:44] [1631070444] [root] [DATA] [SQL] [insert_data2] [1406347160] [[]]|
[2021/09/08 11:07:44] [1631070444] [root] [DATA] [STR] [insert_data2] [] [0163014647]|
[2021/09/08 11:07:44] [1631070444] [root] [OPRT] [SQL] [insert_data2] [0163014647] [
            insert into resourcetb
            (
                Node,
                Resource,
                StoragePool,
                VolumeNr,
                MinorNr,
                DeviceName,
                Allocated,
                InUse,
                State
                )
            values(?,?,?,?,?,?,?,?,?)
            ]|
[2021/09/08 11:07:44] [1631070444] [root] [DATA] [SQL] [insert_data2] [0163014647] [[]]|
[2021/09/08 11:07:44] [1631070444] [root] [DATA] [STR] [insert_data2] [] [4060416317]|
[2021/09/08 11:07:44] [1631070444] [root] [OPRT] [SQL] [insert_data2] [4060416317] [
            insert into storagepooltb
            (
                StoragePool,
                Node,
                Driver,
                PoolName,
                FreeCapacity,
                TotalCapacity,
                SupportsSnapshots,
                State
                )
            values(?,?,?,?,?,?,?,?)
            ]|
[2021/09/08 11:07:44] [1631070444] [root] [DATA] [SQL] [insert_data2] [4060416317] [[]]|
[2021/09/08 11:09:13] [1631070444] [root] [DATA] [STR] [get_vg] [] [3015750631]|
[2021/09/08 11:09:13] [1631070444] [root] [OPRT] [CMD] [sys] [3015750631] [vgs]|
[2021/09/08 11:09:13] [1631070444] [root] [DATA] [CMD] [sys] [3015750631] [  VG        #PV #LV #SN Attr   VSize   VFree
  ubuntu-vg   1   2   0 wz--n- <80.00g    0 
]|
[2021/09/08 11:09:13] [1631070444] [root] [DATA] [STR] [get_thinlv] [] [5030153761]|
[2021/09/08 11:09:13] [1631070444] [root] [OPRT] [CMD] [sys] [5030153761] [lvs]|
[2021/09/08 11:09:13] [1631070444] [root] [DATA] [CMD] [sys] [5030153761] [  LV     VG        Attr       LSize   Pool Origin Data%  Meta%  Move Log Cpy%Sync Convert
  root   ubuntu-vg -wi-ao---- <79.04g                                                    
  swap_1 ubuntu-vg -wi-a----- 980.00m                                                    
]|
[2021/09/08 11:09:13] [1631070444] [root] [OPRT] [REGULAR] [findall] [1765031053] [{'re': re.compile('(\\S+)\\s+\\d+\\s+\\d+\\s+\\d+\\s+\\S+\\s+(\\S+)\\s+(\\S+)\\s*?'), 'string': '  VG        #PV #LV #SN Attr   VSize   VFree\n  ubuntu-vg   1   2   0 wz--n- <80.00g    0 \n'}]|
[2021/09/08 11:09:13] [1631070444] [root] [DATA] [REGULAR] [findall] [1765031053] [[('ubuntu-vg', '<80.00g', '0')]]|
[2021/09/08 11:09:13] [1631070444] [root] [OPRT] [REGULAR] [findall] [0637151530] [{'re': re.compile('(\\S+)\\s+(\\S+)\\s+twi\\S+\\s+(\\S*).*\\s*?'), 'string': '  LV     VG        Attr       LSize   Pool Origin Data%  Meta%  Move Log Cpy%Sync Convert\n  root   ubuntu-vg -wi-ao---- <79.04g                                                    \n  swap_1 ubuntu-vg -wi-a----- 980.00m                                                    \n'}]|
[2021/09/08 11:09:13] [1631070444] [root] [DATA] [REGULAR] [findall] [0637151530] [[]]|
[2021/09/08 11:09:13] [1631070444] [root] [DATA] [STR] [insert_data] [] [6153517030]|
[2021/09/08 11:09:13] [1631070444] [root] [OPRT] [SQL] [insert_data] [6153517030] [insert into vgtb(VG,VSize,VFree)values(?,?,?)]|
[2021/09/08 11:09:13] [1631070444] [root] [DATA] [SQL] [insert_data] [6153517030] [[('ubuntu-vg', '<80.00g', '0')]]|
[2021/09/08 11:09:13] [1631070444] [root] [DATA] [STR] [insert_data] [] [5370031651]|
[2021/09/08 11:09:13] [1631070444] [root] [OPRT] [SQL] [insert_data] [5370031651] [insert into thinlvtb(LV,VG,LSize)values(?,?,?)]|
[2021/09/08 11:09:13] [1631070444] [root] [DATA] [SQL] [insert_data] [5370031651] [[]]|
[2021/09/08 11:09:13] [1631070444] [root] [DATA] [STR] [insert_data2] [] [0575013361]|
[2021/09/08 11:09:13] [1631070444] [root] [OPRT] [SQL] [insert_data2] [0575013361] [insert into nodetb(Node,NodeType,Addresses,State)values(?,?,?,?)]|
[2021/09/08 11:09:13] [1631070444] [root] [DATA] [SQL] [insert_data2] [0575013361] [[{'Node': 'ubuntu', 'NodeType': 'COMBINED', 'Addresses': '10.203.1.158:3366 (PLAIN)', 'State': 'ONLINE'}]]|
[2021/09/08 11:09:13] [1631070444] [root] [DATA] [STR] [insert_data2] [] [5150071363]|
[2021/09/08 11:09:13] [1631070444] [root] [OPRT] [SQL] [insert_data2] [5150071363] [
            insert into resourcetb
            (
                Node,
                Resource,
                StoragePool,
                VolumeNr,
                MinorNr,
                DeviceName,
                Allocated,
                InUse,
                State
                )
            values(?,?,?,?,?,?,?,?,?)
            ]|
[2021/09/08 11:09:13] [1631070444] [root] [DATA] [SQL] [insert_data2] [5150071363] [[]]|
[2021/09/08 11:09:13] [1631070444] [root] [DATA] [STR] [insert_data2] [] [0760351531]|
[2021/09/08 11:09:13] [1631070444] [root] [OPRT] [SQL] [insert_data2] [0760351531] [
            insert into storagepooltb
            (
                StoragePool,
                Node,
                Driver,
                PoolName,
                FreeCapacity,
                TotalCapacity,
                SupportsSnapshots,
                State
                )
            values(?,?,?,?,?,?,?,?)
            ]|
[2021/09/08 11:09:13] [1631070444] [root] [DATA] [SQL] [insert_data2] [0760351531] [[{'StoragePool': 'DfltDisklessStorPool', 'Node': 'ubuntu', 'Driver': 'DISKLESS', 'PoolName': '', 'FreeCapacity': '', 'TotalCapacity': '', 'CanSnapshots': False, 'State': 'Ok'}]]|
[2021/09/08 11:09:18] [1631070444] [root] [DATA] [STR] [get_vg] [] [0801536175]|
[2021/09/08 11:09:18] [1631070444] [root] [OPRT] [CMD] [sys] [0801536175] [vgs]|
[2021/09/08 11:09:18] [1631070444] [root] [DATA] [CMD] [sys] [0801536175] [  VG        #PV #LV #SN Attr   VSize   VFree
  ubuntu-vg   1   2   0 wz--n- <80.00g    0 
]|
[2021/09/08 11:09:18] [1631070444] [root] [DATA] [STR] [get_thinlv] [] [0018155376]|
[2021/09/08 11:09:18] [1631070444] [root] [OPRT] [CMD] [sys] [0018155376] [lvs]|
[2021/09/08 11:09:19] [1631070444] [root] [DATA] [CMD] [sys] [0018155376] [  LV     VG        Attr       LSize   Pool Origin Data%  Meta%  Move Log Cpy%Sync Convert
  root   ubuntu-vg -wi-ao---- <79.04g                                                    
  swap_1 ubuntu-vg -wi-a----- 980.00m                                                    
]|
[2021/09/08 11:09:19] [1631070444] [root] [OPRT] [REGULAR] [findall] [7316109055] [{'re': re.compile('(\\S+)\\s+\\d+\\s+\\d+\\s+\\d+\\s+\\S+\\s+(\\S+)\\s+(\\S+)\\s*?'), 'string': '  VG        #PV #LV #SN Attr   VSize   VFree\n  ubuntu-vg   1   2   0 wz--n- <80.00g    0 \n'}]|
[2021/09/08 11:09:19] [1631070444] [root] [DATA] [REGULAR] [findall] [7316109055] [[('ubuntu-vg', '<80.00g', '0')]]|
[2021/09/08 11:09:19] [1631070444] [root] [OPRT] [REGULAR] [findall] [5151309607] [{'re': re.compile('(\\S+)\\s+(\\S+)\\s+twi\\S+\\s+(\\S*).*\\s*?'), 'string': '  LV     VG        Attr       LSize   Pool Origin Data%  Meta%  Move Log Cpy%Sync Convert\n  root   ubuntu-vg -wi-ao---- <79.04g                                                    \n  swap_1 ubuntu-vg -wi-a----- 980.00m                                                    \n'}]|
[2021/09/08 11:09:19] [1631070444] [root] [DATA] [REGULAR] [findall] [5151309607] [[]]|
[2021/09/08 11:09:19] [1631070444] [root] [DATA] [STR] [insert_data] [] [5316910750]|
[2021/09/08 11:09:19] [1631070444] [root] [OPRT] [SQL] [insert_data] [5316910750] [insert into vgtb(VG,VSize,VFree)values(?,?,?)]|
[2021/09/08 11:09:19] [1631070444] [root] [DATA] [SQL] [insert_data] [5316910750] [[('ubuntu-vg', '<80.00g', '0')]]|
[2021/09/08 11:09:19] [1631070444] [root] [DATA] [STR] [insert_data] [] [3790510516]|
[2021/09/08 11:09:19] [1631070444] [root] [OPRT] [SQL] [insert_data] [3790510516] [insert into thinlvtb(LV,VG,LSize)values(?,?,?)]|
[2021/09/08 11:09:19] [1631070444] [root] [DATA] [SQL] [insert_data] [3790510516] [[]]|
[2021/09/08 11:09:19] [1631070444] [root] [DATA] [STR] [insert_data2] [] [1760915305]|
[2021/09/08 11:09:19] [1631070444] [root] [OPRT] [SQL] [insert_data2] [1760915305] [insert into nodetb(Node,NodeType,Addresses,State)values(?,?,?,?)]|
[2021/09/08 11:09:19] [1631070444] [root] [DATA] [SQL] [insert_data2] [1760915305] [[{'Node': 'ubuntu', 'NodeType': 'COMBINED', 'Addresses': '10.203.1.158:3366 (PLAIN)', 'State': 'ONLINE'}]]|
[2021/09/08 11:09:19] [1631070444] [root] [DATA] [STR] [insert_data2] [] [0011563579]|
[2021/09/08 11:09:19] [1631070444] [root] [OPRT] [SQL] [insert_data2] [0011563579] [
            insert into resourcetb
            (
                Node,
                Resource,
                StoragePool,
                VolumeNr,
                MinorNr,
                DeviceName,
                Allocated,
                InUse,
                State
                )
            values(?,?,?,?,?,?,?,?,?)
            ]|
[2021/09/08 11:09:19] [1631070444] [root] [DATA] [SQL] [insert_data2] [0011563579] [[]]|
[2021/09/08 11:09:19] [1631070444] [root] [DATA] [STR] [insert_data2] [] [0351651970]|
[2021/09/08 11:09:19] [1631070444] [root] [OPRT] [SQL] [insert_data2] [0351651970] [
            insert into storagepooltb
            (
                StoragePool,
                Node,
                Driver,
                PoolName,
                FreeCapacity,
                TotalCapacity,
                SupportsSnapshots,
                State
                )
            values(?,?,?,?,?,?,?,?)
            ]|
[2021/09/08 11:09:19] [1631070444] [root] [DATA] [SQL] [insert_data2] [0351651970] [[{'StoragePool': 'DfltDisklessStorPool', 'Node': 'ubuntu', 'Driver': 'DISKLESS', 'PoolName': '', 'FreeCapacity': '', 'TotalCapacity': '', 'CanSnapshots': False, 'State': 'Ok'}]]|
[2021/09/08 11:09:19] [1631070444] [root] [DATA] [STR] [get_vg] [] [1967015035]|
[2021/09/08 11:09:19] [1631070444] [root] [OPRT] [CMD] [sys] [1967015035] [vgs]|
[2021/09/08 11:09:19] [1631070444] [root] [DATA] [CMD] [sys] [1967015035] [  VG        #PV #LV #SN Attr   VSize   VFree
  ubuntu-vg   1   2   0 wz--n- <80.00g    0 
]|
[2021/09/08 11:09:19] [1631070444] [root] [DATA] [STR] [get_thinlv] [] [3951107506]|
[2021/09/08 11:09:19] [1631070444] [root] [OPRT] [CMD] [sys] [3951107506] [lvs]|
[2021/09/08 11:09:19] [1631070444] [root] [DATA] [CMD] [sys] [3951107506] [  LV     VG        Attr       LSize   Pool Origin Data%  Meta%  Move Log Cpy%Sync Convert
  root   ubuntu-vg -wi-ao---- <79.04g                                                    
  swap_1 ubuntu-vg -wi-a----- 980.00m                                                    
]|
[2021/09/08 11:09:19] [1631070444] [root] [OPRT] [REGULAR] [findall] [3761510509] [{'re': re.compile('(\\S+)\\s+\\d+\\s+\\d+\\s+\\d+\\s+\\S+\\s+(\\S+)\\s+(\\S+)\\s*?'), 'string': '  VG        #PV #LV #SN Attr   VSize   VFree\n  ubuntu-vg   1   2   0 wz--n- <80.00g    0 \n'}]|
[2021/09/08 11:09:19] [1631070444] [root] [DATA] [REGULAR] [findall] [3761510509] [[('ubuntu-vg', '<80.00g', '0')]]|
[2021/09/08 11:09:19] [1631070444] [root] [OPRT] [REGULAR] [findall] [1091653705] [{'re': re.compile('(\\S+)\\s+(\\S+)\\s+twi\\S+\\s+(\\S*).*\\s*?'), 'string': '  LV     VG        Attr       LSize   Pool Origin Data%  Meta%  Move Log Cpy%Sync Convert\n  root   ubuntu-vg -wi-ao---- <79.04g                                                    \n  swap_1 ubuntu-vg -wi-a----- 980.00m                                                    \n'}]|
[2021/09/08 11:09:19] [1631070444] [root] [DATA] [REGULAR] [findall] [1091653705] [[]]|
[2021/09/08 11:09:19] [1631070444] [root] [DATA] [STR] [insert_data] [] [6591073501]|
[2021/09/08 11:09:19] [1631070444] [root] [OPRT] [SQL] [insert_data] [6591073501] [insert into vgtb(VG,VSize,VFree)values(?,?,?)]|
[2021/09/08 11:09:19] [1631070444] [root] [DATA] [SQL] [insert_data] [6591073501] [[('ubuntu-vg', '<80.00g', '0')]]|
[2021/09/08 11:09:19] [1631070444] [root] [DATA] [STR] [insert_data] [] [0371056159]|
[2021/09/08 11:09:19] [1631070444] [root] [OPRT] [SQL] [insert_data] [0371056159] [insert into thinlvtb(LV,VG,LSize)values(?,?,?)]|
[2021/09/08 11:09:19] [1631070444] [root] [DATA] [SQL] [insert_data] [0371056159] [[]]|
[2021/09/08 11:09:19] [1631070444] [root] [DATA] [STR] [insert_data2] [] [5107631095]|
[2021/09/08 11:09:19] [1631070444] [root] [OPRT] [SQL] [insert_data2] [5107631095] [insert into nodetb(Node,NodeType,Addresses,State)values(?,?,?,?)]|
[2021/09/08 11:09:19] [1631070444] [root] [DATA] [SQL] [insert_data2] [5107631095] [[{'Node': 'ubuntu', 'NodeType': 'COMBINED', 'Addresses': '10.203.1.158:3366 (PLAIN)', 'State': 'ONLINE'}]]|
[2021/09/08 11:09:19] [1631070444] [root] [DATA] [STR] [insert_data2] [] [0319570615]|
[2021/09/08 11:09:19] [1631070444] [root] [OPRT] [SQL] [insert_data2] [0319570615] [
            insert into resourcetb
            (
                Node,
                Resource,
                StoragePool,
                VolumeNr,
                MinorNr,
                DeviceName,
                Allocated,
                InUse,
                State
                )
            values(?,?,?,?,?,?,?,?,?)
            ]|
[2021/09/08 11:09:19] [1631070444] [root] [DATA] [SQL] [insert_data2] [0319570615] [[]]|
[2021/09/08 11:09:19] [1631070444] [root] [DATA] [STR] [insert_data2] [] [9715030561]|
[2021/09/08 11:09:19] [1631070444] [root] [OPRT] [SQL] [insert_data2] [9715030561] [
            insert into storagepooltb
            (
                StoragePool,
                Node,
                Driver,
                PoolName,
                FreeCapacity,
                TotalCapacity,
                SupportsSnapshots,
                State
                )
            values(?,?,?,?,?,?,?,?)
            ]|
[2021/09/08 11:09:19] [1631070444] [root] [DATA] [SQL] [insert_data2] [9715030561] [[{'StoragePool': 'DfltDisklessStorPool', 'Node': 'ubuntu', 'Driver': 'DISKLESS', 'PoolName': '', 'FreeCapacity': '', 'TotalCapacity': '', 'CanSnapshots': False, 'State': 'Ok'}]]|
[2021/09/08 11:09:20] [1631070444] [root] [DATA] [STR] [get_vg] [] [6570311060]|
[2021/09/08 11:09:20] [1631070444] [root] [OPRT] [CMD] [sys] [6570311060] [vgs]|
[2021/09/08 11:09:20] [1631070444] [root] [DATA] [CMD] [sys] [6570311060] [  VG        #PV #LV #SN Attr   VSize   VFree
  ubuntu-vg   1   2   0 wz--n- <80.00g    0 
]|
[2021/09/08 11:09:20] [1631070444] [root] [DATA] [STR] [get_thinlv] [] [6570001631]|
[2021/09/08 11:09:20] [1631070444] [root] [OPRT] [CMD] [sys] [6570001631] [lvs]|
[2021/09/08 11:09:20] [1631070444] [root] [DATA] [CMD] [sys] [6570001631] [  LV     VG        Attr       LSize   Pool Origin Data%  Meta%  Move Log Cpy%Sync Convert
  root   ubuntu-vg -wi-ao---- <79.04g                                                    
  swap_1 ubuntu-vg -wi-a----- 980.00m                                                    
]|
[2021/09/08 11:09:20] [1631070444] [root] [OPRT] [REGULAR] [findall] [0530011766] [{'re': re.compile('(\\S+)\\s+\\d+\\s+\\d+\\s+\\d+\\s+\\S+\\s+(\\S+)\\s+(\\S+)\\s*?'), 'string': '  VG        #PV #LV #SN Attr   VSize   VFree\n  ubuntu-vg   1   2   0 wz--n- <80.00g    0 \n'}]|
[2021/09/08 11:09:20] [1631070444] [root] [DATA] [REGULAR] [findall] [0530011766] [[('ubuntu-vg', '<80.00g', '0')]]|
[2021/09/08 11:09:20] [1631070444] [root] [OPRT] [REGULAR] [findall] [1016507063] [{'re': re.compile('(\\S+)\\s+(\\S+)\\s+twi\\S+\\s+(\\S*).*\\s*?'), 'string': '  LV     VG        Attr       LSize   Pool Origin Data%  Meta%  Move Log Cpy%Sync Convert\n  root   ubuntu-vg -wi-ao---- <79.04g                                                    \n  swap_1 ubuntu-vg -wi-a----- 980.00m                                                    \n'}]|
[2021/09/08 11:09:20] [1631070444] [root] [DATA] [REGULAR] [findall] [1016507063] [[]]|
[2021/09/08 11:09:20] [1631070444] [root] [DATA] [STR] [insert_data] [] [5017106063]|
[2021/09/08 11:09:20] [1631070444] [root] [OPRT] [SQL] [insert_data] [5017106063] [insert into vgtb(VG,VSize,VFree)values(?,?,?)]|
[2021/09/08 11:09:20] [1631070444] [root] [DATA] [SQL] [insert_data] [5017106063] [[('ubuntu-vg', '<80.00g', '0')]]|
[2021/09/08 11:09:20] [1631070444] [root] [DATA] [STR] [insert_data] [] [6001530761]|
[2021/09/08 11:09:20] [1631070444] [root] [OPRT] [SQL] [insert_data] [6001530761] [insert into thinlvtb(LV,VG,LSize)values(?,?,?)]|
[2021/09/08 11:09:20] [1631070444] [root] [DATA] [SQL] [insert_data] [6001530761] [[]]|
[2021/09/08 11:09:20] [1631070444] [root] [DATA] [STR] [insert_data2] [] [7603601105]|
[2021/09/08 11:09:20] [1631070444] [root] [OPRT] [SQL] [insert_data2] [7603601105] [insert into nodetb(Node,NodeType,Addresses,State)values(?,?,?,?)]|
[2021/09/08 11:09:20] [1631070444] [root] [DATA] [SQL] [insert_data2] [7603601105] [[{'Node': 'ubuntu', 'NodeType': 'COMBINED', 'Addresses': '10.203.1.158:3366 (PLAIN)', 'State': 'ONLINE'}]]|
[2021/09/08 11:09:20] [1631070444] [root] [DATA] [STR] [insert_data2] [] [0137016056]|
[2021/09/08 11:09:20] [1631070444] [root] [OPRT] [SQL] [insert_data2] [0137016056] [
            insert into resourcetb
            (
                Node,
                Resource,
                StoragePool,
                VolumeNr,
                MinorNr,
                DeviceName,
                Allocated,
                InUse,
                State
                )
            values(?,?,?,?,?,?,?,?,?)
            ]|
[2021/09/08 11:09:20] [1631070444] [root] [DATA] [SQL] [insert_data2] [0137016056] [[]]|
[2021/09/08 11:09:20] [1631070444] [root] [DATA] [STR] [insert_data2] [] [7116650003]|
[2021/09/08 11:09:20] [1631070444] [root] [OPRT] [SQL] [insert_data2] [7116650003] [
            insert into storagepooltb
            (
                StoragePool,
                Node,
                Driver,
                PoolName,
                FreeCapacity,
                TotalCapacity,
                SupportsSnapshots,
                State
                )
            values(?,?,?,?,?,?,?,?)
            ]|
[2021/09/08 11:09:20] [1631070444] [root] [DATA] [SQL] [insert_data2] [7116650003] [[{'StoragePool': 'DfltDisklessStorPool', 'Node': 'ubuntu', 'Driver': 'DISKLESS', 'PoolName': '', 'FreeCapacity': '', 'TotalCapacity': '', 'CanSnapshots': False, 'State': 'Ok'}]]|
[2021/09/08 11:09:20] [1631070444] [root] [DATA] [STR] [get_vg] [] [6365010710]|
[2021/09/08 11:09:20] [1631070444] [root] [OPRT] [CMD] [sys] [6365010710] [vgs]|
[2021/09/08 11:09:21] [1631070444] [root] [DATA] [CMD] [sys] [6365010710] [  VG        #PV #LV #SN Attr   VSize   VFree
  ubuntu-vg   1   2   0 wz--n- <80.00g    0 
]|
[2021/09/08 11:09:21] [1631070444] [root] [DATA] [STR] [get_thinlv] [] [6315060171]|
[2021/09/08 11:09:21] [1631070444] [root] [OPRT] [CMD] [sys] [6315060171] [lvs]|
[2021/09/08 11:09:21] [1631070444] [root] [DATA] [CMD] [sys] [6315060171] [  LV     VG        Attr       LSize   Pool Origin Data%  Meta%  Move Log Cpy%Sync Convert
  root   ubuntu-vg -wi-ao---- <79.04g                                                    
  swap_1 ubuntu-vg -wi-a----- 980.00m                                                    
]|
[2021/09/08 11:09:21] [1631070444] [root] [OPRT] [REGULAR] [findall] [7151136060] [{'re': re.compile('(\\S+)\\s+\\d+\\s+\\d+\\s+\\d+\\s+\\S+\\s+(\\S+)\\s+(\\S+)\\s*?'), 'string': '  VG        #PV #LV #SN Attr   VSize   VFree\n  ubuntu-vg   1   2   0 wz--n- <80.00g    0 \n'}]|
[2021/09/08 11:09:21] [1631070444] [root] [DATA] [REGULAR] [findall] [7151136060] [[('ubuntu-vg', '<80.00g', '0')]]|
[2021/09/08 11:09:21] [1631070444] [root] [OPRT] [REGULAR] [findall] [6761003115] [{'re': re.compile('(\\S+)\\s+(\\S+)\\s+twi\\S+\\s+(\\S*).*\\s*?'), 'string': '  LV     VG        Attr       LSize   Pool Origin Data%  Meta%  Move Log Cpy%Sync Convert\n  root   ubuntu-vg -wi-ao---- <79.04g                                                    \n  swap_1 ubuntu-vg -wi-a----- 980.00m                                                    \n'}]|
[2021/09/08 11:09:21] [1631070444] [root] [DATA] [REGULAR] [findall] [6761003115] [[]]|
[2021/09/08 11:09:21] [1631070444] [root] [DATA] [STR] [insert_data] [] [1637010165]|
[2021/09/08 11:09:21] [1631070444] [root] [OPRT] [SQL] [insert_data] [1637010165] [insert into vgtb(VG,VSize,VFree)values(?,?,?)]|
[2021/09/08 11:09:21] [1631070444] [root] [DATA] [SQL] [insert_data] [1637010165] [[('ubuntu-vg', '<80.00g', '0')]]|
[2021/09/08 11:09:21] [1631070444] [root] [DATA] [STR] [insert_data] [] [3506761011]|
[2021/09/08 11:09:21] [1631070444] [root] [OPRT] [SQL] [insert_data] [3506761011] [insert into thinlvtb(LV,VG,LSize)values(?,?,?)]|
[2021/09/08 11:09:21] [1631070444] [root] [DATA] [SQL] [insert_data] [3506761011] [[]]|
[2021/09/08 11:09:21] [1631070444] [root] [DATA] [STR] [insert_data2] [] [5610360171]|
[2021/09/08 11:09:21] [1631070444] [root] [OPRT] [SQL] [insert_data2] [5610360171] [insert into nodetb(Node,NodeType,Addresses,State)values(?,?,?,?)]|
[2021/09/08 11:09:21] [1631070444] [root] [DATA] [SQL] [insert_data2] [5610360171] [[{'Node': 'ubuntu', 'NodeType': 'COMBINED', 'Addresses': '10.203.1.158:3366 (PLAIN)', 'State': 'ONLINE'}]]|
[2021/09/08 11:09:21] [1631070444] [root] [DATA] [STR] [insert_data2] [] [5616001137]|
[2021/09/08 11:09:21] [1631070444] [root] [OPRT] [SQL] [insert_data2] [5616001137] [
            insert into resourcetb
            (
                Node,
                Resource,
                StoragePool,
                VolumeNr,
                MinorNr,
                DeviceName,
                Allocated,
                InUse,
                State
                )
            values(?,?,?,?,?,?,?,?,?)
            ]|
[2021/09/08 11:09:21] [1631070444] [root] [DATA] [SQL] [insert_data2] [5616001137] [[]]|
[2021/09/08 11:09:21] [1631070444] [root] [DATA] [STR] [insert_data2] [] [1675600131]|
[2021/09/08 11:09:21] [1631070444] [root] [OPRT] [SQL] [insert_data2] [1675600131] [
            insert into storagepooltb
            (
                StoragePool,
                Node,
                Driver,
                PoolName,
                FreeCapacity,
                TotalCapacity,
                SupportsSnapshots,
                State
                )
            values(?,?,?,?,?,?,?,?)
            ]|
[2021/09/08 11:09:21] [1631070444] [root] [DATA] [SQL] [insert_data2] [1675600131] [[{'StoragePool': 'DfltDisklessStorPool', 'Node': 'ubuntu', 'Driver': 'DISKLESS', 'PoolName': '', 'FreeCapacity': '', 'TotalCapacity': '', 'CanSnapshots': False, 'State': 'Ok'}]]|
[2021/09/08 11:09:21] [1631070444] [root] [DATA] [STR] [get_vg] [] [1071036651]|
[2021/09/08 11:09:21] [1631070444] [root] [OPRT] [CMD] [sys] [1071036651] [vgs]|
[2021/09/08 11:09:21] [1631070444] [root] [DATA] [CMD] [sys] [1071036651] [  VG        #PV #LV #SN Attr   VSize   VFree
  ubuntu-vg   1   2   0 wz--n- <80.00g    0 
]|
[2021/09/08 11:09:21] [1631070444] [root] [DATA] [STR] [get_thinlv] [] [0501763161]|
[2021/09/08 11:09:21] [1631070444] [root] [OPRT] [CMD] [sys] [0501763161] [lvs]|
[2021/09/08 11:09:21] [1631070444] [root] [DATA] [CMD] [sys] [0501763161] [  LV     VG        Attr       LSize   Pool Origin Data%  Meta%  Move Log Cpy%Sync Convert
  root   ubuntu-vg -wi-ao---- <79.04g                                                    
  swap_1 ubuntu-vg -wi-a----- 980.00m                                                    
]|
[2021/09/08 11:09:21] [1631070444] [root] [OPRT] [REGULAR] [findall] [1503671610] [{'re': re.compile('(\\S+)\\s+\\d+\\s+\\d+\\s+\\d+\\s+\\S+\\s+(\\S+)\\s+(\\S+)\\s*?'), 'string': '  VG        #PV #LV #SN Attr   VSize   VFree\n  ubuntu-vg   1   2   0 wz--n- <80.00g    0 \n'}]|
[2021/09/08 11:09:21] [1631070444] [root] [DATA] [REGULAR] [findall] [1503671610] [[('ubuntu-vg', '<80.00g', '0')]]|
[2021/09/08 11:09:21] [1631070444] [root] [OPRT] [REGULAR] [findall] [0711036615] [{'re': re.compile('(\\S+)\\s+(\\S+)\\s+twi\\S+\\s+(\\S*).*\\s*?'), 'string': '  LV     VG        Attr       LSize   Pool Origin Data%  Meta%  Move Log Cpy%Sync Convert\n  root   ubuntu-vg -wi-ao---- <79.04g                                                    \n  swap_1 ubuntu-vg -wi-a----- 980.00m                                                    \n'}]|
[2021/09/08 11:09:21] [1631070444] [root] [DATA] [REGULAR] [findall] [0711036615] [[]]|
[2021/09/08 11:09:21] [1631070444] [root] [DATA] [STR] [insert_data] [] [1076061135]|
[2021/09/08 11:09:21] [1631070444] [root] [OPRT] [SQL] [insert_data] [1076061135] [insert into vgtb(VG,VSize,VFree)values(?,?,?)]|
[2021/09/08 11:09:21] [1631070444] [root] [DATA] [SQL] [insert_data] [1076061135] [[('ubuntu-vg', '<80.00g', '0')]]|
[2021/09/08 11:09:21] [1631070444] [root] [DATA] [STR] [insert_data] [] [0160751136]|
[2021/09/08 11:09:21] [1631070444] [root] [OPRT] [SQL] [insert_data] [0160751136] [insert into thinlvtb(LV,VG,LSize)values(?,?,?)]|
[2021/09/08 11:09:21] [1631070444] [root] [DATA] [SQL] [insert_data] [0160751136] [[]]|
[2021/09/08 11:09:22] [1631070444] [root] [DATA] [STR] [insert_data2] [] [0635101267]|
[2021/09/08 11:09:22] [1631070444] [root] [OPRT] [SQL] [insert_data2] [0635101267] [insert into nodetb(Node,NodeType,Addresses,State)values(?,?,?,?)]|
[2021/09/08 11:09:22] [1631070444] [root] [DATA] [SQL] [insert_data2] [0635101267] [[{'Node': 'ubuntu', 'NodeType': 'COMBINED', 'Addresses': '10.203.1.158:3366 (PLAIN)', 'State': 'ONLINE'}]]|
[2021/09/08 11:09:22] [1631070444] [root] [DATA] [STR] [insert_data2] [] [2166517030]|
[2021/09/08 11:09:22] [1631070444] [root] [OPRT] [SQL] [insert_data2] [2166517030] [
            insert into resourcetb
            (
                Node,
                Resource,
                StoragePool,
                VolumeNr,
                MinorNr,
                DeviceName,
                Allocated,
                InUse,
                State
                )
            values(?,?,?,?,?,?,?,?,?)
            ]|
[2021/09/08 11:09:22] [1631070444] [root] [DATA] [SQL] [insert_data2] [2166517030] [[]]|
[2021/09/08 11:09:22] [1631070444] [root] [DATA] [STR] [insert_data2] [] [6001253176]|
[2021/09/08 11:09:22] [1631070444] [root] [OPRT] [SQL] [insert_data2] [6001253176] [
            insert into storagepooltb
            (
                StoragePool,
                Node,
                Driver,
                PoolName,
                FreeCapacity,
                TotalCapacity,
                SupportsSnapshots,
                State
                )
            values(?,?,?,?,?,?,?,?)
            ]|
[2021/09/08 11:09:22] [1631070444] [root] [DATA] [SQL] [insert_data2] [6001253176] [[{'StoragePool': 'DfltDisklessStorPool', 'Node': 'ubuntu', 'Driver': 'DISKLESS', 'PoolName': '', 'FreeCapacity': '', 'TotalCapacity': '', 'CanSnapshots': False, 'State': 'Ok'}]]|
[2021/09/08 11:09:25] [1631070444] [root] [DATA] [STR] [get_vg] [] [6051370615]|
[2021/09/08 11:09:25] [1631070444] [root] [OPRT] [CMD] [sys] [6051370615] [vgs]|
[2021/09/08 11:09:25] [1631070444] [root] [DATA] [CMD] [sys] [6051370615] [  VG        #PV #LV #SN Attr   VSize   VFree
  ubuntu-vg   1   2   0 wz--n- <80.00g    0 
]|
[2021/09/08 11:09:25] [1631070444] [root] [DATA] [STR] [get_thinlv] [] [0670163515]|
[2021/09/08 11:09:25] [1631070444] [root] [OPRT] [CMD] [sys] [0670163515] [lvs]|
[2021/09/08 11:09:25] [1631070444] [root] [DATA] [CMD] [sys] [0670163515] [  LV     VG        Attr       LSize   Pool Origin Data%  Meta%  Move Log Cpy%Sync Convert
  root   ubuntu-vg -wi-ao---- <79.04g                                                    
  swap_1 ubuntu-vg -wi-a----- 980.00m                                                    
]|
[2021/09/08 11:09:25] [1631070444] [root] [OPRT] [REGULAR] [findall] [5156010637] [{'re': re.compile('(\\S+)\\s+\\d+\\s+\\d+\\s+\\d+\\s+\\S+\\s+(\\S+)\\s+(\\S+)\\s*?'), 'string': '  VG        #PV #LV #SN Attr   VSize   VFree\n  ubuntu-vg   1   2   0 wz--n- <80.00g    0 \n'}]|
[2021/09/08 11:09:25] [1631070444] [root] [DATA] [REGULAR] [findall] [5156010637] [[('ubuntu-vg', '<80.00g', '0')]]|
[2021/09/08 11:09:25] [1631070444] [root] [OPRT] [REGULAR] [findall] [6516307015] [{'re': re.compile('(\\S+)\\s+(\\S+)\\s+twi\\S+\\s+(\\S*).*\\s*?'), 'string': '  LV     VG        Attr       LSize   Pool Origin Data%  Meta%  Move Log Cpy%Sync Convert\n  root   ubuntu-vg -wi-ao---- <79.04g                                                    \n  swap_1 ubuntu-vg -wi-a----- 980.00m                                                    \n'}]|
[2021/09/08 11:09:26] [1631070444] [root] [DATA] [REGULAR] [findall] [6516307015] [[]]|
[2021/09/08 11:09:26] [1631070444] [root] [DATA] [STR] [insert_data] [] [6301167056]|
[2021/09/08 11:09:26] [1631070444] [root] [OPRT] [SQL] [insert_data] [6301167056] [insert into vgtb(VG,VSize,VFree)values(?,?,?)]|
[2021/09/08 11:09:26] [1631070444] [root] [DATA] [SQL] [insert_data] [6301167056] [[('ubuntu-vg', '<80.00g', '0')]]|
[2021/09/08 11:09:26] [1631070444] [root] [DATA] [STR] [insert_data] [] [3600761651]|
[2021/09/08 11:09:26] [1631070444] [root] [OPRT] [SQL] [insert_data] [3600761651] [insert into thinlvtb(LV,VG,LSize)values(?,?,?)]|
[2021/09/08 11:09:26] [1631070444] [root] [DATA] [SQL] [insert_data] [3600761651] [[]]|
[2021/09/08 11:09:26] [1631070444] [root] [DATA] [STR] [insert_data2] [] [1736016560]|
[2021/09/08 11:09:26] [1631070444] [root] [OPRT] [SQL] [insert_data2] [1736016560] [insert into nodetb(Node,NodeType,Addresses,State)values(?,?,?,?)]|
[2021/09/08 11:09:26] [1631070444] [root] [DATA] [SQL] [insert_data2] [1736016560] [[{'Node': 'ubuntu', 'NodeType': 'COMBINED', 'Addresses': '10.203.1.158:3366 (PLAIN)', 'State': 'ONLINE'}]]|
[2021/09/08 11:09:26] [1631070444] [root] [DATA] [STR] [insert_data2] [] [6167061305]|
[2021/09/08 11:09:26] [1631070444] [root] [OPRT] [SQL] [insert_data2] [6167061305] [
            insert into resourcetb
            (
                Node,
                Resource,
                StoragePool,
                VolumeNr,
                MinorNr,
                DeviceName,
                Allocated,
                InUse,
                State
                )
            values(?,?,?,?,?,?,?,?,?)
            ]|
[2021/09/08 11:09:26] [1631070444] [root] [DATA] [SQL] [insert_data2] [6167061305] [[]]|
[2021/09/08 11:09:26] [1631070444] [root] [DATA] [STR] [insert_data2] [] [0716665103]|
[2021/09/08 11:09:26] [1631070444] [root] [OPRT] [SQL] [insert_data2] [0716665103] [
            insert into storagepooltb
            (
                StoragePool,
                Node,
                Driver,
                PoolName,
                FreeCapacity,
                TotalCapacity,
                SupportsSnapshots,
                State
                )
            values(?,?,?,?,?,?,?,?)
            ]|
[2021/09/08 11:09:26] [1631070444] [root] [DATA] [SQL] [insert_data2] [0716665103] [[{'StoragePool': 'DfltDisklessStorPool', 'Node': 'ubuntu', 'Driver': 'DISKLESS', 'PoolName': '', 'FreeCapacity': '', 'TotalCapacity': '', 'CanSnapshots': False, 'State': 'Ok'}]]|
[2021/09/08 15:03:46] [1631084626] [root] [DATA] [STR] [delete_node] [] [6686131402]|
[2021/09/08 15:03:46] [1631084626] [root] [OPRT] [CMD] [linstor] [6686131402] [linstor node delete ubuntu]|
[2021/09/08 15:03:47] [1631084626] [root] [DATA] [CMD] [linstor] [6686131402] [{'sts': 0, 'rst': "\x1b[1;32mSUCCESS:\n\x1b[0mDescription:\n    Node 'ubuntu' deleted.\nDetails:\n    Node 'ubuntu' UUID was: 80cd1f45-e345-43bc-ac52-4319a82e66e7\n"}]|
[2021/09/08 15:03:47] [1631084626] [root] [INFO] [INFO] [finish] [output] [SUCCESS]|
[2021/09/08 15:05:02] [1631084702] [root] [DATA] [STR] [get_vg] [] [0187013264]|
[2021/09/08 15:05:02] [1631084702] [root] [OPRT] [CMD] [sys] [0187013264] [vgs]|
[2021/09/08 15:05:02] [1631084702] [root] [DATA] [CMD] [sys] [0187013264] [  VG        #PV #LV #SN Attr   VSize   VFree
  ubuntu-vg   1   2   0 wz--n- <80.00g    0 
]|
[2021/09/08 15:05:02] [1631084702] [root] [DATA] [STR] [get_thinlv] [] [2170463810]|
[2021/09/08 15:05:02] [1631084702] [root] [OPRT] [CMD] [sys] [2170463810] [lvs]|
[2021/09/08 15:05:02] [1631084702] [root] [DATA] [CMD] [sys] [2170463810] [  LV     VG        Attr       LSize   Pool Origin Data%  Meta%  Move Log Cpy%Sync Convert
  root   ubuntu-vg -wi-ao---- <79.04g                                                    
  swap_1 ubuntu-vg -wi-a----- 980.00m                                                    
]|
[2021/09/08 15:05:02] [1631084702] [root] [OPRT] [REGULAR] [findall] [2846001731] [{'re': re.compile('(\\S+)\\s+\\d+\\s+\\d+\\s+\\d+\\s+\\S+\\s+(\\S+)\\s+(\\S+)\\s*?'), 'string': '  VG        #PV #LV #SN Attr   VSize   VFree\n  ubuntu-vg   1   2   0 wz--n- <80.00g    0 \n'}]|
[2021/09/08 15:05:02] [1631084702] [root] [DATA] [REGULAR] [findall] [2846001731] [[('ubuntu-vg', '<80.00g', '0')]]|
[2021/09/08 15:05:02] [1631084702] [root] [OPRT] [REGULAR] [findall] [3716028410] [{'re': re.compile('(\\S+)\\s+(\\S+)\\s+twi\\S+\\s+(\\S*).*\\s*?'), 'string': '  LV     VG        Attr       LSize   Pool Origin Data%  Meta%  Move Log Cpy%Sync Convert\n  root   ubuntu-vg -wi-ao---- <79.04g                                                    \n  swap_1 ubuntu-vg -wi-a----- 980.00m                                                    \n'}]|
[2021/09/08 15:05:02] [1631084702] [root] [DATA] [REGULAR] [findall] [3716028410] [[]]|
[2021/09/08 15:05:02] [1631084702] [root] [DATA] [STR] [insert_data] [] [2460301817]|
[2021/09/08 15:05:02] [1631084702] [root] [OPRT] [SQL] [insert_data] [2460301817] [insert into vgtb(VG,VSize,VFree)values(?,?,?)]|
[2021/09/08 15:05:02] [1631084702] [root] [DATA] [SQL] [insert_data] [2460301817] [[('ubuntu-vg', '<80.00g', '0')]]|
[2021/09/08 15:05:02] [1631084702] [root] [DATA] [STR] [insert_data] [] [3410810762]|
[2021/09/08 15:05:02] [1631084702] [root] [OPRT] [SQL] [insert_data] [3410810762] [insert into thinlvtb(LV,VG,LSize)values(?,?,?)]|
[2021/09/08 15:05:02] [1631084702] [root] [DATA] [SQL] [insert_data] [3410810762] [[]]|
[2021/09/08 15:05:02] [1631084702] [root] [DATA] [STR] [insert_data2] [] [8132071604]|
[2021/09/08 15:05:02] [1631084702] [root] [OPRT] [SQL] [insert_data2] [8132071604] [insert into nodetb(Node,NodeType,Addresses,State)values(?,?,?,?)]|
[2021/09/08 15:05:02] [1631084702] [root] [DATA] [SQL] [insert_data2] [8132071604] [[]]|
[2021/09/08 15:05:02] [1631084702] [root] [DATA] [STR] [insert_data2] [] [4180012736]|
[2021/09/08 15:05:02] [1631084702] [root] [OPRT] [SQL] [insert_data2] [4180012736] [
            insert into resourcetb
            (
                Node,
                Resource,
                StoragePool,
                VolumeNr,
                MinorNr,
                DeviceName,
                Allocated,
                InUse,
                State
                )
            values(?,?,?,?,?,?,?,?,?)
            ]|
[2021/09/08 15:05:02] [1631084702] [root] [DATA] [SQL] [insert_data2] [4180012736] [[]]|
[2021/09/08 15:05:02] [1631084702] [root] [DATA] [STR] [insert_data2] [] [8130621047]|
[2021/09/08 15:05:02] [1631084702] [root] [OPRT] [SQL] [insert_data2] [8130621047] [
            insert into storagepooltb
            (
                StoragePool,
                Node,
                Driver,
                PoolName,
                FreeCapacity,
                TotalCapacity,
                SupportsSnapshots,
                State
                )
            values(?,?,?,?,?,?,?,?)
            ]|
[2021/09/08 15:05:02] [1631084702] [root] [DATA] [SQL] [insert_data2] [8130621047] [[]]|
[2021/09/08 15:05:05] [1631084702] [root] [DATA] [STR] [get_vg] [] [3406085171]|
[2021/09/08 15:05:05] [1631084702] [root] [OPRT] [CMD] [sys] [3406085171] [vgs]|
[2021/09/08 15:05:05] [1631084702] [root] [DATA] [CMD] [sys] [3406085171] [  VG        #PV #LV #SN Attr   VSize   VFree
  ubuntu-vg   1   2   0 wz--n- <80.00g    0 
]|
[2021/09/08 15:05:05] [1631084702] [root] [DATA] [STR] [get_thinlv] [] [6171050384]|
[2021/09/08 15:05:05] [1631084702] [root] [OPRT] [CMD] [sys] [6171050384] [lvs]|
[2021/09/08 15:05:05] [1631084702] [root] [DATA] [CMD] [sys] [6171050384] [  LV     VG        Attr       LSize   Pool Origin Data%  Meta%  Move Log Cpy%Sync Convert
  root   ubuntu-vg -wi-ao---- <79.04g                                                    
  swap_1 ubuntu-vg -wi-a----- 980.00m                                                    
]|
[2021/09/08 15:05:05] [1631084702] [root] [OPRT] [REGULAR] [findall] [6854113700] [{'re': re.compile('(\\S+)\\s+\\d+\\s+\\d+\\s+\\d+\\s+\\S+\\s+(\\S+)\\s+(\\S+)\\s*?'), 'string': '  VG        #PV #LV #SN Attr   VSize   VFree\n  ubuntu-vg   1   2   0 wz--n- <80.00g    0 \n'}]|
[2021/09/08 15:05:05] [1631084702] [root] [DATA] [REGULAR] [findall] [6854113700] [[('ubuntu-vg', '<80.00g', '0')]]|
[2021/09/08 15:05:05] [1631084702] [root] [OPRT] [REGULAR] [findall] [7403116580] [{'re': re.compile('(\\S+)\\s+(\\S+)\\s+twi\\S+\\s+(\\S*).*\\s*?'), 'string': '  LV     VG        Attr       LSize   Pool Origin Data%  Meta%  Move Log Cpy%Sync Convert\n  root   ubuntu-vg -wi-ao---- <79.04g                                                    \n  swap_1 ubuntu-vg -wi-a----- 980.00m                                                    \n'}]|
[2021/09/08 15:05:05] [1631084702] [root] [DATA] [REGULAR] [findall] [7403116580] [[]]|
[2021/09/08 15:05:05] [1631084702] [root] [DATA] [STR] [insert_data] [] [0076411358]|
[2021/09/08 15:05:05] [1631084702] [root] [OPRT] [SQL] [insert_data] [0076411358] [insert into vgtb(VG,VSize,VFree)values(?,?,?)]|
[2021/09/08 15:05:05] [1631084702] [root] [DATA] [SQL] [insert_data] [0076411358] [[('ubuntu-vg', '<80.00g', '0')]]|
[2021/09/08 15:05:05] [1631084702] [root] [DATA] [STR] [insert_data] [] [0187345610]|
[2021/09/08 15:05:05] [1631084702] [root] [OPRT] [SQL] [insert_data] [0187345610] [insert into thinlvtb(LV,VG,LSize)values(?,?,?)]|
[2021/09/08 15:05:05] [1631084702] [root] [DATA] [SQL] [insert_data] [0187345610] [[]]|
[2021/09/08 15:05:05] [1631084702] [root] [DATA] [STR] [insert_data2] [] [1870316504]|
[2021/09/08 15:05:05] [1631084702] [root] [OPRT] [SQL] [insert_data2] [1870316504] [insert into nodetb(Node,NodeType,Addresses,State)values(?,?,?,?)]|
[2021/09/08 15:05:05] [1631084702] [root] [DATA] [SQL] [insert_data2] [1870316504] [[]]|
[2021/09/08 15:05:05] [1631084702] [root] [DATA] [STR] [insert_data2] [] [3006517418]|
[2021/09/08 15:05:05] [1631084702] [root] [OPRT] [SQL] [insert_data2] [3006517418] [
            insert into resourcetb
            (
                Node,
                Resource,
                StoragePool,
                VolumeNr,
                MinorNr,
                DeviceName,
                Allocated,
                InUse,
                State
                )
            values(?,?,?,?,?,?,?,?,?)
            ]|
[2021/09/08 15:05:05] [1631084702] [root] [DATA] [SQL] [insert_data2] [3006517418] [[]]|
[2021/09/08 15:05:05] [1631084702] [root] [DATA] [STR] [insert_data2] [] [7830460151]|
[2021/09/08 15:05:05] [1631084702] [root] [OPRT] [SQL] [insert_data2] [7830460151] [
            insert into storagepooltb
            (
                StoragePool,
                Node,
                Driver,
                PoolName,
                FreeCapacity,
                TotalCapacity,
                SupportsSnapshots,
                State
                )
            values(?,?,?,?,?,?,?,?)
            ]|
[2021/09/08 15:05:05] [1631084702] [root] [DATA] [SQL] [insert_data2] [7830460151] [[]]|
[2021/09/08 15:05:07] [1631084702] [root] [DATA] [STR] [get_vg] [] [8140106737]|
[2021/09/08 15:05:07] [1631084702] [root] [OPRT] [CMD] [sys] [8140106737] [vgs]|
[2021/09/08 15:05:07] [1631084702] [root] [DATA] [CMD] [sys] [8140106737] [  VG        #PV #LV #SN Attr   VSize   VFree
  ubuntu-vg   1   2   0 wz--n- <80.00g    0 
]|
[2021/09/08 15:05:07] [1631084702] [root] [DATA] [STR] [get_thinlv] [] [4371068071]|
[2021/09/08 15:05:07] [1631084702] [root] [OPRT] [CMD] [sys] [4371068071] [lvs]|
[2021/09/08 15:05:07] [1631084702] [root] [DATA] [CMD] [sys] [4371068071] [  LV     VG        Attr       LSize   Pool Origin Data%  Meta%  Move Log Cpy%Sync Convert
  root   ubuntu-vg -wi-ao---- <79.04g                                                    
  swap_1 ubuntu-vg -wi-a----- 980.00m                                                    
]|
[2021/09/08 15:05:07] [1631084702] [root] [OPRT] [REGULAR] [findall] [0773141860] [{'re': re.compile('(\\S+)\\s+\\d+\\s+\\d+\\s+\\d+\\s+\\S+\\s+(\\S+)\\s+(\\S+)\\s*?'), 'string': '  VG        #PV #LV #SN Attr   VSize   VFree\n  ubuntu-vg   1   2   0 wz--n- <80.00g    0 \n'}]|
[2021/09/08 15:05:07] [1631084702] [root] [DATA] [REGULAR] [findall] [0773141860] [[('ubuntu-vg', '<80.00g', '0')]]|
[2021/09/08 15:05:07] [1631084702] [root] [OPRT] [REGULAR] [findall] [8306774110] [{'re': re.compile('(\\S+)\\s+(\\S+)\\s+twi\\S+\\s+(\\S*).*\\s*?'), 'string': '  LV     VG        Attr       LSize   Pool Origin Data%  Meta%  Move Log Cpy%Sync Convert\n  root   ubuntu-vg -wi-ao---- <79.04g                                                    \n  swap_1 ubuntu-vg -wi-a----- 980.00m                                                    \n'}]|
[2021/09/08 15:05:07] [1631084702] [root] [DATA] [REGULAR] [findall] [8306774110] [[]]|
[2021/09/08 15:05:07] [1631084702] [root] [DATA] [STR] [insert_data] [] [8310617407]|
[2021/09/08 15:05:07] [1631084702] [root] [OPRT] [SQL] [insert_data] [8310617407] [insert into vgtb(VG,VSize,VFree)values(?,?,?)]|
[2021/09/08 15:05:07] [1631084702] [root] [DATA] [SQL] [insert_data] [8310617407] [[('ubuntu-vg', '<80.00g', '0')]]|
[2021/09/08 15:05:07] [1631084702] [root] [DATA] [STR] [insert_data] [] [0471638170]|
[2021/09/08 15:05:07] [1631084702] [root] [OPRT] [SQL] [insert_data] [0471638170] [insert into thinlvtb(LV,VG,LSize)values(?,?,?)]|
[2021/09/08 15:05:07] [1631084702] [root] [DATA] [SQL] [insert_data] [0471638170] [[]]|
[2021/09/08 15:05:08] [1631084702] [root] [DATA] [STR] [insert_data2] [] [6187018034]|
[2021/09/08 15:05:08] [1631084702] [root] [OPRT] [SQL] [insert_data2] [6187018034] [insert into nodetb(Node,NodeType,Addresses,State)values(?,?,?,?)]|
[2021/09/08 15:05:08] [1631084702] [root] [DATA] [SQL] [insert_data2] [6187018034] [[]]|
[2021/09/08 15:05:08] [1631084702] [root] [DATA] [STR] [insert_data2] [] [7083164081]|
[2021/09/08 15:05:08] [1631084702] [root] [OPRT] [SQL] [insert_data2] [7083164081] [
            insert into resourcetb
            (
                Node,
                Resource,
                StoragePool,
                VolumeNr,
                MinorNr,
                DeviceName,
                Allocated,
                InUse,
                State
                )
            values(?,?,?,?,?,?,?,?,?)
            ]|
[2021/09/08 15:05:08] [1631084702] [root] [DATA] [SQL] [insert_data2] [7083164081] [[]]|
[2021/09/08 15:05:08] [1631084702] [root] [DATA] [STR] [insert_data2] [] [8001463178]|
[2021/09/08 15:05:08] [1631084702] [root] [OPRT] [SQL] [insert_data2] [8001463178] [
            insert into storagepooltb
            (
                StoragePool,
                Node,
                Driver,
                PoolName,
                FreeCapacity,
                TotalCapacity,
                SupportsSnapshots,
                State
                )
            values(?,?,?,?,?,?,?,?)
            ]|
[2021/09/08 15:05:08] [1631084702] [root] [DATA] [SQL] [insert_data2] [8001463178] [[]]|
[2021/09/08 15:06:22] [1631084782] [root] [DATA] [STR] [delete_node] [] [8617084213]|
[2021/09/08 15:06:22] [1631084782] [root] [OPRT] [CMD] [linstor] [8617084213] [linstor node delete ubuntu]|
[2021/09/08 15:06:23] [1631084782] [root] [DATA] [CMD] [linstor] [8617084213] [{'sts': 2, 'rst': "Description:\n    Deletion of node 'ubuntu' had no effect.\nCause:\n    Node 'ubuntu' does not exist.\nDetails:\n    Node: ubuntu\n"}]|
[2021/09/08 15:06:23] [1631084782] [root] [INFO] [WARNING] [fail] [output] [FAIL
Description:
    Deletion of node 'ubuntu' had no effect.
Cause:
    Node 'ubuntu' does not exist.
Details:
    Node: ubuntu
]|
[2021/09/08 15:06:29] [1631084782] [root] [DATA] [STR] [delete_node] [] [4987613018]|
[2021/09/08 15:06:29] [1631084782] [root] [OPRT] [CMD] [linstor] [4987613018] [linstor node delete ubuntu]|
[2021/09/08 15:06:30] [1631084782] [root] [DATA] [CMD] [linstor] [4987613018] [{'sts': 2, 'rst': "Description:\n    Deletion of node 'ubuntu' had no effect.\nCause:\n    Node 'ubuntu' does not exist.\nDetails:\n    Node: ubuntu\n"}]|
[2021/09/08 15:06:30] [1631084782] [root] [INFO] [WARNING] [fail] [output] [FAIL
Description:
    Deletion of node 'ubuntu' had no effect.
Cause:
    Node 'ubuntu' does not exist.
Details:
    Node: ubuntu
]|
[2021/09/08 15:06:32] [1631084782] [root] [DATA] [STR] [delete_node] [] [2917081436]|
[2021/09/08 15:06:32] [1631084782] [root] [OPRT] [CMD] [linstor] [2917081436] [linstor node delete ubuntu]|
[2021/09/08 15:06:33] [1631084782] [root] [DATA] [CMD] [linstor] [2917081436] [{'sts': 2, 'rst': "Description:\n    Deletion of node 'ubuntu' had no effect.\nCause:\n    Node 'ubuntu' does not exist.\nDetails:\n    Node: ubuntu\n"}]|
[2021/09/08 15:06:33] [1631084782] [root] [INFO] [WARNING] [fail] [output] [FAIL
Description:
    Deletion of node 'ubuntu' had no effect.
Cause:
    Node 'ubuntu' does not exist.
Details:
    Node: ubuntu
]|
[2021/09/08 15:06:35] [1631084782] [root] [DATA] [STR] [delete_node] [] [0451973861]|
[2021/09/08 15:06:35] [1631084782] [root] [OPRT] [CMD] [linstor] [0451973861] [linstor node delete ubuntu]|
[2021/09/08 15:06:36] [1631084782] [root] [DATA] [CMD] [linstor] [0451973861] [{'sts': 2, 'rst': "Description:\n    Deletion of node 'ubuntu' had no effect.\nCause:\n    Node 'ubuntu' does not exist.\nDetails:\n    Node: ubuntu\n"}]|
[2021/09/08 15:06:36] [1631084782] [root] [INFO] [WARNING] [fail] [output] [FAIL
Description:
    Deletion of node 'ubuntu' had no effect.
Cause:
    Node 'ubuntu' does not exist.
Details:
    Node: ubuntu
]|
[2021/09/08 15:09:32] [1631084972] [root] [DATA] [STR] [create_node] [] [1619408237]|
[2021/09/08 15:09:32] [1631084972] [root] [OPRT] [CMD] [linstor] [1619408237] [linstor node create ubuntu 10.203.1.158  --node-type Combined]|
[2021/09/08 15:09:35] [1631084972] [root] [DATA] [CMD] [linstor] [1619408237] [{'sts': 0, 'rst': '\x1b[1;32mSUCCESS:\n\x1b[0mDescription:\n    New node \'ubuntu\' registered.\nDetails:\n    Node \'ubuntu\' UUID is: 6fefd66b-1ca0-4f24-a4a6-e6ad48c4fb89\n\x1b[1;32mSUCCESS:\n\x1b[0mDescription:\n    Node \'ubuntu\' authenticated\nDetails:\n    Supported storage providers: [diskless, lvm, lvm_thin, file, file_thin, remote_spdk, openflex_target]\n    Supported resource layers  : [drbd, luks, cache, bcache, storage]\n    Unsupported storage providers:\n        ZFS: \'cat /sys/module/zfs/version\' returned with exit code 1\n        ZFS_THIN: \'cat /sys/module/zfs/version\' returned with exit code 1\n        SPDK: IO exception occured when running \'rpc.py spdk_get_version\': Cannot run program "rpc.py": error=2, No such file or directory\n        EXOS: IO exception occured when running \'lsscsi --version\': Cannot run program "lsscsi": error=2, No such file or directory\n              \'/bin/bash -c cat /sys/class/sas_phy/*/sas_address\' returned with exit code 1\n              \'/bin/bash -c cat /sys/class/sas_device/end_device-*/sas_address\' returned with exit code 1\n    \n    Unsupported resource layers:\n        NVME: IO exception occured when running \'nvme version\': Cannot run program "nvme": error=2, No such file or directory\n        WRITECACHE: \'modprobe dm-writecache\' returned with exit code 1\n        OPENFLEX: IO exception occured when running \'nvme version\': Cannot run program "nvme": error=2, No such file or directory\n'}]|
[2021/09/08 15:09:35] [1631084972] [root] [INFO] [INFO] [finish] [output] [SUCCESS]|
[2021/09/08 15:09:46] [1631084972] [root] [DATA] [STR] [create_node] [] [1063681894]|
[2021/09/08 15:09:46] [1631084972] [root] [OPRT] [CMD] [linstor] [1063681894] [linstor node create ubuntu 10.203.1.158  --node-type Combined]|
[2021/09/08 15:09:47] [1631084972] [root] [DATA] [CMD] [linstor] [1063681894] [{'sts': 3, 'rst': "\x1b[1;31mERROR:\n\x1b[0mDescription:\n    Registration of node 'ubuntu' failed.\nCause:\n    A node with the specified name 'ubuntu' already exists.\n    The Node already exists\nCorrection:\n    - Specify another name for the new node\n    or\n    - Delete the existing node before creating a new node with the same name\nDetails:\n    Node: ubuntu\n"}]|
[2021/09/08 15:09:47] [1631084972] [root] [INFO] [WARNING] [fail] [output] [FAIL
[1;31mERROR:
[0mDescription:
    Registration of node 'ubuntu' failed.
Cause:
    A node with the specified name 'ubuntu' already exists.
    The Node already exists
Correction:
    - Specify another name for the new node
    or
    - Delete the existing node before creating a new node with the same name
Details:
    Node: ubuntu
]|
[2021/09/08 15:09:50] [1631084972] [root] [DATA] [STR] [delete_node] [] [0114930896]|
[2021/09/08 15:09:50] [1631084972] [root] [OPRT] [CMD] [linstor] [0114930896] [linstor node delete ubuntu]|
[2021/09/08 15:09:52] [1631084972] [root] [DATA] [CMD] [linstor] [0114930896] [{'sts': 0, 'rst': "\x1b[1;32mSUCCESS:\n\x1b[0mDescription:\n    Node 'ubuntu' deleted.\nDetails:\n    Node 'ubuntu' UUID was: 6fefd66b-1ca0-4f24-a4a6-e6ad48c4fb89\n"}]|
[2021/09/08 15:09:52] [1631084972] [root] [INFO] [INFO] [finish] [output] [SUCCESS]|
[2021/09/08 15:09:59] [1631084972] [root] [DATA] [STR] [get_vg] [] [1993840196]|
[2021/09/08 15:10:00] [1631084972] [root] [OPRT] [CMD] [sys] [1993840196] [vgs]|
[2021/09/08 15:10:00] [1631084972] [root] [DATA] [CMD] [sys] [1993840196] [  VG        #PV #LV #SN Attr   VSize   VFree
  ubuntu-vg   1   2   0 wz--n- <80.00g    0 
]|
[2021/09/08 15:10:00] [1631084972] [root] [DATA] [STR] [get_thinlv] [] [1310800650]|
[2021/09/08 15:10:00] [1631084972] [root] [OPRT] [CMD] [sys] [1310800650] [lvs]|
[2021/09/08 15:10:00] [1631084972] [root] [DATA] [CMD] [sys] [1310800650] [  LV     VG        Attr       LSize   Pool Origin Data%  Meta%  Move Log Cpy%Sync Convert
  root   ubuntu-vg -wi-ao---- <79.04g                                                    
  swap_1 ubuntu-vg -wi-a----- 980.00m                                                    
]|
[2021/09/08 15:10:00] [1631084972] [root] [OPRT] [REGULAR] [findall] [1063008150] [{'re': re.compile('(\\S+)\\s+\\d+\\s+\\d+\\s+\\d+\\s+\\S+\\s+(\\S+)\\s+(\\S+)\\s*?'), 'string': '  VG        #PV #LV #SN Attr   VSize   VFree\n  ubuntu-vg   1   2   0 wz--n- <80.00g    0 \n'}]|
[2021/09/08 15:10:00] [1631084972] [root] [DATA] [REGULAR] [findall] [1063008150] [[('ubuntu-vg', '<80.00g', '0')]]|
[2021/09/08 15:10:00] [1631084972] [root] [OPRT] [REGULAR] [findall] [3806101500] [{'re': re.compile('(\\S+)\\s+(\\S+)\\s+twi\\S+\\s+(\\S*).*\\s*?'), 'string': '  LV     VG        Attr       LSize   Pool Origin Data%  Meta%  Move Log Cpy%Sync Convert\n  root   ubuntu-vg -wi-ao---- <79.04g                                                    \n  swap_1 ubuntu-vg -wi-a----- 980.00m                                                    \n'}]|
[2021/09/08 15:10:00] [1631084972] [root] [DATA] [REGULAR] [findall] [3806101500] [[]]|
[2021/09/08 15:10:00] [1631084972] [root] [DATA] [STR] [insert_data] [] [3001056108]|
[2021/09/08 15:10:00] [1631084972] [root] [OPRT] [SQL] [insert_data] [3001056108] [insert into vgtb(VG,VSize,VFree)values(?,?,?)]|
[2021/09/08 15:10:00] [1631084972] [root] [DATA] [SQL] [insert_data] [3001056108] [[('ubuntu-vg', '<80.00g', '0')]]|
[2021/09/08 15:10:00] [1631084972] [root] [DATA] [STR] [insert_data] [] [5010860310]|
[2021/09/08 15:10:00] [1631084972] [root] [OPRT] [SQL] [insert_data] [5010860310] [insert into thinlvtb(LV,VG,LSize)values(?,?,?)]|
[2021/09/08 15:10:00] [1631084972] [root] [DATA] [SQL] [insert_data] [5010860310] [[]]|
[2021/09/08 15:10:00] [1631084972] [root] [DATA] [STR] [insert_data2] [] [0180100365]|
[2021/09/08 15:10:00] [1631084972] [root] [OPRT] [SQL] [insert_data2] [0180100365] [insert into nodetb(Node,NodeType,Addresses,State)values(?,?,?,?)]|
[2021/09/08 15:10:00] [1631084972] [root] [DATA] [SQL] [insert_data2] [0180100365] [[]]|
[2021/09/08 15:10:00] [1631084972] [root] [DATA] [STR] [insert_data2] [] [1381600050]|
[2021/09/08 15:10:00] [1631084972] [root] [OPRT] [SQL] [insert_data2] [1381600050] [
            insert into resourcetb
            (
                Node,
                Resource,
                StoragePool,
                VolumeNr,
                MinorNr,
                DeviceName,
                Allocated,
                InUse,
                State
                )
            values(?,?,?,?,?,?,?,?,?)
            ]|
[2021/09/08 15:10:00] [1631084972] [root] [DATA] [SQL] [insert_data2] [1381600050] [[]]|
[2021/09/08 15:10:00] [1631084972] [root] [DATA] [STR] [insert_data2] [] [8056001103]|
[2021/09/08 15:10:00] [1631084972] [root] [OPRT] [SQL] [insert_data2] [8056001103] [
            insert into storagepooltb
            (
                StoragePool,
                Node,
                Driver,
                PoolName,
                FreeCapacity,
                TotalCapacity,
                SupportsSnapshots,
                State
                )
            values(?,?,?,?,?,?,?,?)
            ]|
[2021/09/08 15:10:00] [1631084972] [root] [DATA] [SQL] [insert_data2] [8056001103] [[]]|
[2021/09/08 15:10:15] [1631084972] [root] [DATA] [STR] [create_node] [] [5501130618]|
[2021/09/08 15:10:15] [1631084972] [root] [OPRT] [CMD] [linstor] [5501130618] [linstor node create ubuntu 10.203.1.158  --node-type Combined]|
[2021/09/08 15:10:17] [1631084972] [root] [DATA] [CMD] [linstor] [5501130618] [{'sts': 0, 'rst': '\x1b[1;32mSUCCESS:\n\x1b[0mDescription:\n    New node \'ubuntu\' registered.\nDetails:\n    Node \'ubuntu\' UUID is: 689fbab2-1c12-4fd0-b0c0-23efa235a063\n\x1b[1;32mSUCCESS:\n\x1b[0mDescription:\n    Node \'ubuntu\' authenticated\nDetails:\n    Supported storage providers: [diskless, lvm, lvm_thin, file, file_thin, remote_spdk, openflex_target]\n    Supported resource layers  : [drbd, luks, cache, bcache, storage]\n    Unsupported storage providers:\n        ZFS: \'cat /sys/module/zfs/version\' returned with exit code 1\n        ZFS_THIN: \'cat /sys/module/zfs/version\' returned with exit code 1\n        SPDK: IO exception occured when running \'rpc.py spdk_get_version\': Cannot run program "rpc.py": error=2, No such file or directory\n        EXOS: IO exception occured when running \'lsscsi --version\': Cannot run program "lsscsi": error=2, No such file or directory\n              \'/bin/bash -c cat /sys/class/sas_phy/*/sas_address\' returned with exit code 1\n              \'/bin/bash -c cat /sys/class/sas_device/end_device-*/sas_address\' returned with exit code 1\n    \n    Unsupported resource layers:\n        NVME: IO exception occured when running \'nvme version\': Cannot run program "nvme": error=2, No such file or directory\n        WRITECACHE: \'modprobe dm-writecache\' returned with exit code 1\n        OPENFLEX: IO exception occured when running \'nvme version\': Cannot run program "nvme": error=2, No such file or directory\n'}]|
[2021/09/08 15:10:17] [1631084972] [root] [INFO] [INFO] [finish] [output] [SUCCESS]|
[2021/09/08 15:10:21] [1631084972] [root] [DATA] [STR] [get_vg] [] [5382106110]|
[2021/09/08 15:10:21] [1631084972] [root] [OPRT] [CMD] [sys] [5382106110] [vgs]|
[2021/09/08 15:10:21] [1631084972] [root] [DATA] [CMD] [sys] [5382106110] [  VG        #PV #LV #SN Attr   VSize   VFree
  ubuntu-vg   1   2   0 wz--n- <80.00g    0 
]|
[2021/09/08 15:10:21] [1631084972] [root] [DATA] [STR] [get_thinlv] [] [0051621138]|
[2021/09/08 15:10:21] [1631084972] [root] [OPRT] [CMD] [sys] [0051621138] [lvs]|
[2021/09/08 15:10:21] [1631084972] [root] [DATA] [CMD] [sys] [0051621138] [  LV     VG        Attr       LSize   Pool Origin Data%  Meta%  Move Log Cpy%Sync Convert
  root   ubuntu-vg -wi-ao---- <79.04g                                                    
  swap_1 ubuntu-vg -wi-a----- 980.00m                                                    
]|
[2021/09/08 15:10:21] [1631084972] [root] [OPRT] [REGULAR] [findall] [6311510028] [{'re': re.compile('(\\S+)\\s+\\d+\\s+\\d+\\s+\\d+\\s+\\S+\\s+(\\S+)\\s+(\\S+)\\s*?'), 'string': '  VG        #PV #LV #SN Attr   VSize   VFree\n  ubuntu-vg   1   2   0 wz--n- <80.00g    0 \n'}]|
[2021/09/08 15:10:21] [1631084972] [root] [DATA] [REGULAR] [findall] [6311510028] [[('ubuntu-vg', '<80.00g', '0')]]|
[2021/09/08 15:10:21] [1631084972] [root] [OPRT] [REGULAR] [findall] [1056821103] [{'re': re.compile('(\\S+)\\s+(\\S+)\\s+twi\\S+\\s+(\\S*).*\\s*?'), 'string': '  LV     VG        Attr       LSize   Pool Origin Data%  Meta%  Move Log Cpy%Sync Convert\n  root   ubuntu-vg -wi-ao---- <79.04g                                                    \n  swap_1 ubuntu-vg -wi-a----- 980.00m                                                    \n'}]|
[2021/09/08 15:10:21] [1631084972] [root] [DATA] [REGULAR] [findall] [1056821103] [[]]|
[2021/09/08 15:10:21] [1631084972] [root] [DATA] [STR] [insert_data] [] [8101032651]|
[2021/09/08 15:10:21] [1631084972] [root] [OPRT] [SQL] [insert_data] [8101032651] [insert into vgtb(VG,VSize,VFree)values(?,?,?)]|
[2021/09/08 15:10:21] [1631084972] [root] [DATA] [SQL] [insert_data] [8101032651] [[('ubuntu-vg', '<80.00g', '0')]]|
[2021/09/08 15:10:21] [1631084972] [root] [DATA] [STR] [insert_data] [] [0120136518]|
[2021/09/08 15:10:21] [1631084972] [root] [OPRT] [SQL] [insert_data] [0120136518] [insert into thinlvtb(LV,VG,LSize)values(?,?,?)]|
[2021/09/08 15:10:21] [1631084972] [root] [DATA] [SQL] [insert_data] [0120136518] [[]]|
[2021/09/08 15:10:21] [1631084972] [root] [DATA] [STR] [insert_data2] [] [1806531102]|
[2021/09/08 15:10:21] [1631084972] [root] [OPRT] [SQL] [insert_data2] [1806531102] [insert into nodetb(Node,NodeType,Addresses,State)values(?,?,?,?)]|
[2021/09/08 15:10:21] [1631084972] [root] [DATA] [SQL] [insert_data2] [1806531102] [[{'Node': 'ubuntu', 'NodeType': 'COMBINED', 'Addresses': '10.203.1.158:3366 (PLAIN)', 'State': 'ONLINE'}]]|
[2021/09/08 15:10:21] [1631084972] [root] [DATA] [STR] [insert_data2] [] [0180521361]|
[2021/09/08 15:10:21] [1631084972] [root] [OPRT] [SQL] [insert_data2] [0180521361] [
            insert into resourcetb
            (
                Node,
                Resource,
                StoragePool,
                VolumeNr,
                MinorNr,
                DeviceName,
                Allocated,
                InUse,
                State
                )
            values(?,?,?,?,?,?,?,?,?)
            ]|
[2021/09/08 15:10:21] [1631084972] [root] [DATA] [SQL] [insert_data2] [0180521361] [[]]|
[2021/09/08 15:10:21] [1631084972] [root] [DATA] [STR] [insert_data2] [] [3852101061]|
[2021/09/08 15:10:21] [1631084972] [root] [OPRT] [SQL] [insert_data2] [3852101061] [
            insert into storagepooltb
            (
                StoragePool,
                Node,
                Driver,
                PoolName,
                FreeCapacity,
                TotalCapacity,
                SupportsSnapshots,
                State
                )
            values(?,?,?,?,?,?,?,?)
            ]|
[2021/09/08 15:10:21] [1631084972] [root] [DATA] [SQL] [insert_data2] [3852101061] [[{'StoragePool': 'DfltDisklessStorPool', 'Node': 'ubuntu', 'Driver': 'DISKLESS', 'PoolName': '', 'FreeCapacity': '', 'TotalCapacity': '', 'CanSnapshots': False, 'State': 'Ok'}]]|
[2021/09/08 15:10:23] [1631084972] [root] [DATA] [STR] [delete_node] [] [0211356083]|
[2021/09/08 15:10:23] [1631084972] [root] [OPRT] [CMD] [linstor] [0211356083] [linstor node delete ubuntu]|
[2021/09/08 15:10:25] [1631084972] [root] [DATA] [CMD] [linstor] [0211356083] [{'sts': 0, 'rst': "\x1b[1;32mSUCCESS:\n\x1b[0mDescription:\n    Node 'ubuntu' deleted.\nDetails:\n    Node 'ubuntu' UUID was: 689fbab2-1c12-4fd0-b0c0-23efa235a063\n"}]|
[2021/09/08 15:10:25] [1631084972] [root] [INFO] [INFO] [finish] [output] [SUCCESS]|
